This file contains any messages produced by compilers while
running configure, to aid debugging if configure makes a mistake.

It was created by file configure 5.32, which was
generated by GNU Autoconf 2.69.  Invocation command line was

  $ ./configure 

## --------- ##
## Platform. ##
## --------- ##

hostname = Williams-MBP.home
uname -m = x86_64
uname -r = 16.7.0
uname -s = Darwin
uname -v = Darwin Kernel Version 16.7.0: Thu Jun 15 17:36:27 PDT 2017; root:xnu-3789.70.16~2/RELEASE_X86_64

/usr/bin/uname -p = i386
/bin/uname -X     = unknown

/bin/arch              = unknown
/usr/bin/arch -k       = unknown
/usr/convex/getsysinfo = unknown
/usr/bin/hostinfo      = Mach kernel version:
	 Darwin Kernel Version 16.7.0: Thu Jun 15 17:36:27 PDT 2017; root:xnu-3789.70.16~2/RELEASE_X86_64
Kernel configured for up to 8 processors.
4 processors are physically available.
8 processors are logically available.
Processor type: x86_64h (Intel x86-64h Haswell)
Processors active: 0 1 2 3 4 5 6 7
Primary memory available: 16.00 gigabytes
Default processor set: 399 tasks, 1791 threads, 8 processors
Load average: 1.98, Mach factor: 6.01
/bin/machine           = unknown
/usr/bin/oslevel       = unknown
/bin/universe          = unknown

PATH: /Users/wtowe/.gem/ruby/2.4.0/bin
PATH: /usr/local/bin
PATH: /usr/bin
PATH: /bin
PATH: /usr/sbin
PATH: /sbin


## ----------- ##
## Core tests. ##
## ----------- ##

configure:2564: checking for a BSD-compatible install
configure:2632: result: /usr/bin/install -c
configure:2643: checking whether build environment is sane
configure:2698: result: yes
configure:2849: checking for a thread-safe mkdir -p
configure:2888: result: ./install-sh -c -d
configure:2895: checking for gawk
configure:2925: result: no
configure:2895: checking for mawk
configure:2925: result: no
configure:2895: checking for nawk
configure:2925: result: no
configure:2895: checking for awk
configure:2911: found /usr/bin/awk
configure:2922: result: awk
configure:2933: checking whether make sets $(MAKE)
configure:2955: result: yes
configure:2984: checking whether make supports nested variables
configure:3001: result: yes
configure:3138: checking whether make supports nested variables
configure:3155: result: yes
configure:3171: checking for builtin ELF support
configure:3188: result: yes
configure:3197: checking for ELF core file support
configure:3214: result: yes
configure:3223: checking for zlib support
configure:3230: result: 
configure:3233: checking for file formats in man section 5
configure:3249: result: no
configure:3260: checking build system type
configure:3274: result: x86_64-apple-darwin16.7.0
configure:3294: checking host system type
configure:3307: result: x86_64-apple-darwin16.7.0
configure:3371: checking for style of include used by make
configure:3399: result: GNU
configure:3470: checking for gcc
configure:3486: found /usr/bin/gcc
configure:3497: result: gcc
configure:3726: checking for C compiler version
configure:3735: gcc --version >&5
Apple LLVM version 9.0.0 (clang-900.0.37)
Target: x86_64-apple-darwin16.7.0
Thread model: posix
InstalledDir: /Applications/Xcode.app/Contents/Developer/Toolchains/XcodeDefault.xctoolchain/usr/bin
Configured with: --prefix=/Applications/Xcode.app/Contents/Developer/usr --with-gxx-include-dir=/Applications/Xcode.app/Contents/Developer/Platforms/MacOSX.platform/Developer/SDKs/MacOSX10.13.sdk/usr/include/c++/4.2.1
configure:3746: $? = 0
configure:3735: gcc -v >&5
Configured with: --prefix=/Applications/Xcode.app/Contents/Developer/usr --with-gxx-include-dir=/Applications/Xcode.app/Contents/Developer/Platforms/MacOSX.platform/Developer/SDKs/MacOSX10.13.sdk/usr/include/c++/4.2.1
Apple LLVM version 9.0.0 (clang-900.0.37)
Target: x86_64-apple-darwin16.7.0
Thread model: posix
InstalledDir: /Applications/Xcode.app/Contents/Developer/Toolchains/XcodeDefault.xctoolchain/usr/bin
configure:3746: $? = 0
configure:3735: gcc -V >&5
clang: error: argument to '-V' is missing (expected 1 value)
clang: error: no input files
configure:3746: $? = 1
configure:3735: gcc -qversion >&5
clang: error: unknown argument: '-qversion'
clang: error: no input files
configure:3746: $? = 1
configure:3766: checking whether the C compiler works
configure:3788: gcc    conftest.c  >&5
configure:3792: $? = 0
configure:3840: result: yes
configure:3843: checking for C compiler default output file name
configure:3845: result: a.out
configure:3851: checking for suffix of executables
configure:3858: gcc -o conftest    conftest.c  >&5
configure:3862: $? = 0
configure:3884: result: 
configure:3906: checking whether we are cross compiling
configure:3914: gcc -o conftest    conftest.c  >&5
configure:3918: $? = 0
configure:3925: ./conftest
configure:3929: $? = 0
configure:3944: result: no
configure:3949: checking for suffix of object files
configure:3971: gcc -c   conftest.c >&5
configure:3975: $? = 0
configure:3996: result: o
configure:4000: checking whether we are using the GNU C compiler
configure:4019: gcc -c   conftest.c >&5
configure:4019: $? = 0
configure:4028: result: yes
configure:4037: checking whether gcc accepts -g
configure:4057: gcc -c -g  conftest.c >&5
configure:4057: $? = 0
configure:4098: result: yes
configure:4115: checking for gcc option to accept ISO C89
configure:4178: gcc  -c -g -O2  conftest.c >&5
configure:4178: $? = 0
configure:4191: result: none needed
configure:4216: checking whether gcc understands -c and -o together
configure:4238: gcc -c conftest.c -o conftest2.o
configure:4241: $? = 0
configure:4238: gcc -c conftest.c -o conftest2.o
configure:4241: $? = 0
configure:4253: result: yes
configure:4272: checking dependency style of gcc
configure:4383: result: gcc3
configure:4402: checking for gcc option to accept ISO C99
configure:4551: gcc  -c -g -O2  conftest.c >&5
configure:4551: $? = 0
configure:4564: result: none needed
configure:4672: checking for gcc option to accept ISO Standard C
configure:4683: result: none needed
configure:4696: checking how to run the C preprocessor
configure:4727: gcc -E  conftest.c
configure:4727: $? = 0
configure:4741: gcc -E  conftest.c
conftest.c:13:10: fatal error: 'ac_nonexistent.h' file not found
#include <ac_nonexistent.h>
         ^~~~~~~~~~~~~~~~~~
1 error generated.
configure:4741: $? = 1
configure: failed program was:
| /* confdefs.h */
| #define PACKAGE_NAME "file"
| #define PACKAGE_TARNAME "file"
| #define PACKAGE_VERSION "5.32"
| #define PACKAGE_STRING "file 5.32"
| #define PACKAGE_BUGREPORT "christos@astron.com"
| #define PACKAGE_URL ""
| #define PACKAGE "file"
| #define VERSION "5.32"
| #define BUILTIN_ELF 1
| #define ELFCORE 1
| /* end confdefs.h.  */
| #include <ac_nonexistent.h>
configure:4766: result: gcc -E
configure:4786: gcc -E  conftest.c
configure:4786: $? = 0
configure:4800: gcc -E  conftest.c
conftest.c:13:10: fatal error: 'ac_nonexistent.h' file not found
#include <ac_nonexistent.h>
         ^~~~~~~~~~~~~~~~~~
1 error generated.
configure:4800: $? = 1
configure: failed program was:
| /* confdefs.h */
| #define PACKAGE_NAME "file"
| #define PACKAGE_TARNAME "file"
| #define PACKAGE_VERSION "5.32"
| #define PACKAGE_STRING "file 5.32"
| #define PACKAGE_BUGREPORT "christos@astron.com"
| #define PACKAGE_URL ""
| #define PACKAGE "file"
| #define VERSION "5.32"
| #define BUILTIN_ELF 1
| #define ELFCORE 1
| /* end confdefs.h.  */
| #include <ac_nonexistent.h>
configure:4829: checking for grep that handles long lines and -e
configure:4887: result: /usr/bin/grep
configure:4892: checking for egrep
configure:4954: result: /usr/bin/grep -E
configure:4959: checking for ANSI C header files
configure:4979: gcc -c -g -O2  conftest.c >&5
configure:4979: $? = 0
configure:5052: gcc -o conftest -g -O2   conftest.c  >&5
configure:5052: $? = 0
configure:5052: ./conftest
configure:5052: $? = 0
configure:5063: result: yes
configure:5076: checking for sys/types.h
configure:5076: gcc -c -g -O2  conftest.c >&5
configure:5076: $? = 0
configure:5076: result: yes
configure:5076: checking for sys/stat.h
configure:5076: gcc -c -g -O2  conftest.c >&5
configure:5076: $? = 0
configure:5076: result: yes
configure:5076: checking for stdlib.h
configure:5076: gcc -c -g -O2  conftest.c >&5
configure:5076: $? = 0
configure:5076: result: yes
configure:5076: checking for string.h
configure:5076: gcc -c -g -O2  conftest.c >&5
configure:5076: $? = 0
configure:5076: result: yes
configure:5076: checking for memory.h
configure:5076: gcc -c -g -O2  conftest.c >&5
configure:5076: $? = 0
configure:5076: result: yes
configure:5076: checking for strings.h
configure:5076: gcc -c -g -O2  conftest.c >&5
configure:5076: $? = 0
configure:5076: result: yes
configure:5076: checking for inttypes.h
configure:5076: gcc -c -g -O2  conftest.c >&5
configure:5076: $? = 0
configure:5076: result: yes
configure:5076: checking for stdint.h
configure:5076: gcc -c -g -O2  conftest.c >&5
configure:5076: $? = 0
configure:5076: result: yes
configure:5076: checking for unistd.h
configure:5076: gcc -c -g -O2  conftest.c >&5
configure:5076: $? = 0
configure:5076: result: yes
configure:5089: checking minix/config.h usability
configure:5089: gcc -c -g -O2  conftest.c >&5
conftest.c:56:10: fatal error: 'minix/config.h' file not found
#include <minix/config.h>
         ^~~~~~~~~~~~~~~~
1 error generated.
configure:5089: $? = 1
configure: failed program was:
| /* confdefs.h */
| #define PACKAGE_NAME "file"
| #define PACKAGE_TARNAME "file"
| #define PACKAGE_VERSION "5.32"
| #define PACKAGE_STRING "file 5.32"
| #define PACKAGE_BUGREPORT "christos@astron.com"
| #define PACKAGE_URL ""
| #define PACKAGE "file"
| #define VERSION "5.32"
| #define BUILTIN_ELF 1
| #define ELFCORE 1
| #define STDC_HEADERS 1
| #define HAVE_SYS_TYPES_H 1
| #define HAVE_SYS_STAT_H 1
| #define HAVE_STDLIB_H 1
| #define HAVE_STRING_H 1
| #define HAVE_MEMORY_H 1
| #define HAVE_STRINGS_H 1
| #define HAVE_INTTYPES_H 1
| #define HAVE_STDINT_H 1
| #define HAVE_UNISTD_H 1
| /* end confdefs.h.  */
| #include <stdio.h>
| #ifdef HAVE_SYS_TYPES_H
| # include <sys/types.h>
| #endif
| #ifdef HAVE_SYS_STAT_H
| # include <sys/stat.h>
| #endif
| #ifdef STDC_HEADERS
| # include <stdlib.h>
| # include <stddef.h>
| #else
| # ifdef HAVE_STDLIB_H
| #  include <stdlib.h>
| # endif
| #endif
| #ifdef HAVE_STRING_H
| # if !defined STDC_HEADERS && defined HAVE_MEMORY_H
| #  include <memory.h>
| # endif
| # include <string.h>
| #endif
| #ifdef HAVE_STRINGS_H
| # include <strings.h>
| #endif
| #ifdef HAVE_INTTYPES_H
| # include <inttypes.h>
| #endif
| #ifdef HAVE_STDINT_H
| # include <stdint.h>
| #endif
| #ifdef HAVE_UNISTD_H
| # include <unistd.h>
| #endif
| #include <minix/config.h>
configure:5089: result: no
configure:5089: checking minix/config.h presence
configure:5089: gcc -E  conftest.c
conftest.c:23:10: fatal error: 'minix/config.h' file not found
#include <minix/config.h>
         ^~~~~~~~~~~~~~~~
1 error generated.
configure:5089: $? = 1
configure: failed program was:
| /* confdefs.h */
| #define PACKAGE_NAME "file"
| #define PACKAGE_TARNAME "file"
| #define PACKAGE_VERSION "5.32"
| #define PACKAGE_STRING "file 5.32"
| #define PACKAGE_BUGREPORT "christos@astron.com"
| #define PACKAGE_URL ""
| #define PACKAGE "file"
| #define VERSION "5.32"
| #define BUILTIN_ELF 1
| #define ELFCORE 1
| #define STDC_HEADERS 1
| #define HAVE_SYS_TYPES_H 1
| #define HAVE_SYS_STAT_H 1
| #define HAVE_STDLIB_H 1
| #define HAVE_STRING_H 1
| #define HAVE_MEMORY_H 1
| #define HAVE_STRINGS_H 1
| #define HAVE_INTTYPES_H 1
| #define HAVE_STDINT_H 1
| #define HAVE_UNISTD_H 1
| /* end confdefs.h.  */
| #include <minix/config.h>
configure:5089: result: no
configure:5089: checking for minix/config.h
configure:5089: result: no
configure:5110: checking whether it is safe to define __EXTENSIONS__
configure:5128: gcc -c -g -O2  conftest.c >&5
configure:5128: $? = 0
configure:5135: result: yes
configure:5150: checking whether byte ordering is bigendian
configure:5165: gcc -c -g -O2  conftest.c >&5
configure:5165: $? = 0
configure:5210: gcc -c -g -O2  conftest.c >&5
configure:5210: $? = 0
configure:5228: gcc -c -g -O2  conftest.c >&5
conftest.c:35:4: error: use of undeclared identifier 'not'
                 not big endian
                 ^
1 error generated.
configure:5228: $? = 1
configure: failed program was:
| /* confdefs.h */
| #define PACKAGE_NAME "file"
| #define PACKAGE_TARNAME "file"
| #define PACKAGE_VERSION "5.32"
| #define PACKAGE_STRING "file 5.32"
| #define PACKAGE_BUGREPORT "christos@astron.com"
| #define PACKAGE_URL ""
| #define PACKAGE "file"
| #define VERSION "5.32"
| #define BUILTIN_ELF 1
| #define ELFCORE 1
| #define STDC_HEADERS 1
| #define HAVE_SYS_TYPES_H 1
| #define HAVE_SYS_STAT_H 1
| #define HAVE_STDLIB_H 1
| #define HAVE_STRING_H 1
| #define HAVE_MEMORY_H 1
| #define HAVE_STRINGS_H 1
| #define HAVE_INTTYPES_H 1
| #define HAVE_STDINT_H 1
| #define HAVE_UNISTD_H 1
| #define __EXTENSIONS__ 1
| #define _ALL_SOURCE 1
| #define _GNU_SOURCE 1
| #define _POSIX_PTHREAD_SEMANTICS 1
| #define _TANDEM_SOURCE 1
| /* end confdefs.h.  */
| #include <sys/types.h>
| 		#include <sys/param.h>
| 
| int
| main ()
| {
| #if BYTE_ORDER != BIG_ENDIAN
| 		 not big endian
| 		#endif
| 
|   ;
|   return 0;
| }
configure:5356: result: no
configure:5375: checking whether ln -s works
configure:5379: result: yes
configure:5432: checking how to print strings
configure:5459: result: printf
configure:5480: checking for a sed that does not truncate output
configure:5544: result: /usr/bin/sed
configure:5562: checking for fgrep
configure:5624: result: /usr/bin/grep -F
configure:5659: checking for ld used by gcc
configure:5726: result: /Applications/Xcode.app/Contents/Developer/Toolchains/XcodeDefault.xctoolchain/usr/bin/ld
configure:5733: checking if the linker (/Applications/Xcode.app/Contents/Developer/Toolchains/XcodeDefault.xctoolchain/usr/bin/ld) is GNU ld
configure:5748: result: no
configure:5760: checking for BSD- or MS-compatible name lister (nm)
configure:5809: result: /usr/bin/nm -B
configure:5939: checking the name lister (/usr/bin/nm -B) interface
configure:5946: gcc -c -g -O2  conftest.c >&5
configure:5949: /usr/bin/nm -B "conftest.o"
configure:5952: output
00000000000001cc S _some_variable
configure:5959: result: BSD nm
configure:5963: checking the maximum length of command line arguments
configure:6093: result: 196608
configure:6110: checking whether the shell understands some XSI constructs
configure:6120: result: yes
configure:6124: checking whether the shell understands "+="
configure:6130: result: yes
configure:6165: checking how to convert x86_64-apple-darwin16.7.0 file names to x86_64-apple-darwin16.7.0 format
configure:6205: result: func_convert_file_noop
configure:6212: checking how to convert x86_64-apple-darwin16.7.0 file names to toolchain format
configure:6232: result: func_convert_file_noop
configure:6239: checking for /Applications/Xcode.app/Contents/Developer/Toolchains/XcodeDefault.xctoolchain/usr/bin/ld option to reload object files
configure:6246: result: -r
configure:6320: checking for objdump
configure:6336: found /usr/bin/objdump
configure:6347: result: objdump
configure:6379: checking how to recognize dependent libraries
configure:6581: result: pass_all
configure:6666: checking for dlltool
configure:6696: result: no
configure:6726: checking how to associate runtime and link libraries
configure:6753: result: printf %s\n
configure:6813: checking for ar
configure:6829: found /usr/bin/ar
configure:6840: result: ar
configure:6877: checking for archiver @FILE support
configure:6894: gcc -c -g -O2  conftest.c >&5
configure:6894: $? = 0
configure:6897: ar cru libconftest.a @conftest.lst >&5
ar: @conftest.lst: No such file or directory
configure:6900: $? = 1
configure:6920: result: no
configure:6978: checking for strip
configure:6994: found /usr/bin/strip
configure:7005: result: strip
configure:7077: checking for ranlib
configure:7093: found /usr/bin/ranlib
configure:7104: result: ranlib
configure:7206: checking command to parse /usr/bin/nm -B output from gcc object
configure:7326: gcc -c -g -O2  conftest.c >&5
configure:7329: $? = 0
configure:7333: /usr/bin/nm -B conftest.o \| sed -n -e 's/^.*[ ]\([BCDEGRST][BCDEGRST]*\)[ ][ ]*\([_A-Za-z][_A-Za-z0-9]*\)$/\1 \2 \2/p' | sed '/ __gnu_lto/d' \> conftest.nm
configure:7336: $? = 0
cannot find nm_test_var in conftest.nm
configure:7326: gcc -c -g -O2  conftest.c >&5
configure:7329: $? = 0
configure:7333: /usr/bin/nm -B conftest.o \| sed -n -e 's/^.*[ ]\([BCDEGRST][BCDEGRST]*\)[ ][ ]*_\([_A-Za-z][_A-Za-z0-9]*\)$/\1 _\2 \2/p' | sed '/ __gnu_lto/d' \> conftest.nm
configure:7336: $? = 0
configure:7402: gcc -o conftest -g -O2   conftest.c conftstm.o >&5
warning: (x86_64)  could not find object file symbol for symbol _main
configure:7405: $? = 0
configure:7443: result: ok
configure:7480: checking for sysroot
configure:7510: result: no
configure:7766: checking for mt
configure:7796: result: no
configure:7816: checking if : is a manifest tool
configure:7822: : '-?'
configure:7830: result: no
configure:7886: checking for dsymutil
configure:7902: found /usr/bin/dsymutil
configure:7913: result: dsymutil
configure:7978: checking for nmedit
configure:7994: found /usr/bin/nmedit
configure:8005: result: nmedit
configure:8070: checking for lipo
configure:8086: found /usr/bin/lipo
configure:8097: result: lipo
configure:8162: checking for otool
configure:8178: found /usr/bin/otool
configure:8189: result: otool
configure:8254: checking for otool64
configure:8284: result: no
configure:8329: checking for -single_module linker flag
gcc -g -O2  -o libconftest.dylib -dynamiclib -Wl,-single_module conftest.c
configure:8362: result: yes
configure:8365: checking for -exported_symbols_list linker flag
configure:8385: gcc -o conftest -g -O2   -Wl,-exported_symbols_list,conftest.sym conftest.c  >&5
configure:8385: $? = 0
configure:8395: result: yes
configure:8398: checking for -force_load linker flag
gcc -g -O2 -c -o conftest.o conftest.c
ar cru libconftest.a conftest.o
ranlib libconftest.a
gcc -g -O2  -o conftest conftest.c -Wl,-force_load,./libconftest.a
configure:8430: result: yes
configure:8469: checking for dlfcn.h
configure:8469: gcc -c -g -O2  conftest.c >&5
configure:8469: $? = 0
configure:8469: result: yes
configure:8673: checking for objdir
configure:8688: result: .libs
configure:8959: checking if gcc supports -fno-rtti -fno-exceptions
configure:8977: gcc -c -g -O2  -fno-rtti -fno-exceptions conftest.c >&5
configure:8981: $? = 0
configure:8994: result: yes
configure:9321: checking for gcc option to produce PIC
configure:9328: result: -fno-common -DPIC
configure:9336: checking if gcc PIC flag -fno-common -DPIC works
configure:9354: gcc -c -g -O2  -fno-common -DPIC -DPIC conftest.c >&5
configure:9358: $? = 0
configure:9371: result: yes
configure:9400: checking if gcc static flag -static works
configure:9428: result: no
configure:9443: checking if gcc supports -c -o file.o
configure:9464: gcc -c -g -O2  -o out/conftest2.o conftest.c >&5
configure:9468: $? = 0
configure:9490: result: yes
configure:9498: checking if gcc supports -c -o file.o
configure:9545: result: yes
configure:9578: checking whether the gcc linker (/Applications/Xcode.app/Contents/Developer/Toolchains/XcodeDefault.xctoolchain/usr/bin/ld) supports shared libraries
configure:10731: result: yes
configure:10971: checking dynamic linker characteristics
configure:11704: result: darwin16.7.0 dyld
configure:11811: checking how to hardcode library paths into programs
configure:11836: result: immediate
configure:12376: checking whether stripping libraries is possible
configure:12390: result: yes
configure:12416: checking if libtool supports shared libraries
configure:12418: result: yes
configure:12421: checking whether to build shared libraries
configure:12442: result: yes
configure:12445: checking whether to build static libraries
configure:12449: result: no
configure:12491: checking whether the -Werror option is usable
configure:12510: gcc -c -g -O2 -Werror  conftest.c >&5
configure:12510: $? = 0
configure:12519: result: yes
configure:12521: checking for simple visibility declarations
configure:12548: gcc -c -g -O2 -fvisibility=hidden -Werror  conftest.c >&5
configure:12548: $? = 0
configure:12557: result: yes
configure:12572: checking for ANSI C header files
configure:12676: result: yes
configure:12684: checking whether sys/types.h defines makedev
configure:12700: gcc -o conftest -g -O2   conftest.c  >&5
configure:12700: $? = 0
configure:12709: result: yes
configure:12734: checking for sys/wait.h that is POSIX.1 compatible
configure:12760: gcc -c -g -O2  conftest.c >&5
configure:12760: $? = 0
configure:12767: result: yes
configure:12778: checking for stdint.h
configure:12778: result: yes
configure:12778: checking fcntl.h usability
configure:12778: gcc -c -g -O2  conftest.c >&5
configure:12778: $? = 0
configure:12778: result: yes
configure:12778: checking fcntl.h presence
configure:12778: gcc -E  conftest.c
configure:12778: $? = 0
configure:12778: result: yes
configure:12778: checking for fcntl.h
configure:12778: result: yes
configure:12778: checking locale.h usability
configure:12778: gcc -c -g -O2  conftest.c >&5
configure:12778: $? = 0
configure:12778: result: yes
configure:12778: checking locale.h presence
configure:12778: gcc -E  conftest.c
configure:12778: $? = 0
configure:12778: result: yes
configure:12778: checking for locale.h
configure:12778: result: yes
configure:12778: checking for stdint.h
configure:12778: result: yes
configure:12778: checking for inttypes.h
configure:12778: result: yes
configure:12778: checking for unistd.h
configure:12778: result: yes
configure:12791: checking stddef.h usability
configure:12791: gcc -c -g -O2  conftest.c >&5
configure:12791: $? = 0
configure:12791: result: yes
configure:12791: checking stddef.h presence
configure:12791: gcc -E  conftest.c
configure:12791: $? = 0
configure:12791: result: yes
configure:12791: checking for stddef.h
configure:12791: result: yes
configure:12791: checking utime.h usability
configure:12791: gcc -c -g -O2  conftest.c >&5
configure:12791: $? = 0
configure:12791: result: yes
configure:12791: checking utime.h presence
configure:12791: gcc -E  conftest.c
configure:12791: $? = 0
configure:12791: result: yes
configure:12791: checking for utime.h
configure:12791: result: yes
configure:12791: checking wchar.h usability
configure:12791: gcc -c -g -O2  conftest.c >&5
configure:12791: $? = 0
configure:12791: result: yes
configure:12791: checking wchar.h presence
configure:12791: gcc -E  conftest.c
configure:12791: $? = 0
configure:12791: result: yes
configure:12791: checking for wchar.h
configure:12791: result: yes
configure:12791: checking wctype.h usability
configure:12791: gcc -c -g -O2  conftest.c >&5
configure:12791: $? = 0
configure:12791: result: yes
configure:12791: checking wctype.h presence
configure:12791: gcc -E  conftest.c
configure:12791: $? = 0
configure:12791: result: yes
configure:12791: checking for wctype.h
configure:12791: result: yes
configure:12791: checking limits.h usability
configure:12791: gcc -c -g -O2  conftest.c >&5
configure:12791: $? = 0
configure:12791: result: yes
configure:12791: checking limits.h presence
configure:12791: gcc -E  conftest.c
configure:12791: $? = 0
configure:12791: result: yes
configure:12791: checking for limits.h
configure:12791: result: yes
configure:12804: checking getopt.h usability
configure:12804: gcc -c -g -O2  conftest.c >&5
configure:12804: $? = 0
configure:12804: result: yes
configure:12804: checking getopt.h presence
configure:12804: gcc -E  conftest.c
configure:12804: $? = 0
configure:12804: result: yes
configure:12804: checking for getopt.h
configure:12804: result: yes
configure:12804: checking err.h usability
configure:12804: gcc -c -g -O2  conftest.c >&5
configure:12804: $? = 0
configure:12804: result: yes
configure:12804: checking err.h presence
configure:12804: gcc -E  conftest.c
configure:12804: $? = 0
configure:12804: result: yes
configure:12804: checking for err.h
configure:12804: result: yes
configure:12804: checking xlocale.h usability
configure:12804: gcc -c -g -O2  conftest.c >&5
configure:12804: $? = 0
configure:12804: result: yes
configure:12804: checking xlocale.h presence
configure:12804: gcc -E  conftest.c
configure:12804: $? = 0
configure:12804: result: yes
configure:12804: checking for xlocale.h
configure:12804: result: yes
configure:12804: checking signal.h usability
configure:12804: gcc -c -g -O2  conftest.c >&5
configure:12804: $? = 0
configure:12804: result: yes
configure:12804: checking signal.h presence
configure:12804: gcc -E  conftest.c
configure:12804: $? = 0
configure:12804: result: yes
configure:12804: checking for signal.h
configure:12804: result: yes
configure:12817: checking sys/mman.h usability
configure:12817: gcc -c -g -O2  conftest.c >&5
configure:12817: $? = 0
configure:12817: result: yes
configure:12817: checking sys/mman.h presence
configure:12817: gcc -E  conftest.c
configure:12817: $? = 0
configure:12817: result: yes
configure:12817: checking for sys/mman.h
configure:12817: result: yes
configure:12817: checking for sys/stat.h
configure:12817: result: yes
configure:12817: checking for sys/types.h
configure:12817: result: yes
configure:12817: checking sys/utime.h usability
configure:12817: gcc -c -g -O2  conftest.c >&5
conftest.c:84:10: fatal error: 'sys/utime.h' file not found
#include <sys/utime.h>
         ^~~~~~~~~~~~~
1 error generated.
configure:12817: $? = 1
configure: failed program was:
| /* confdefs.h */
| #define PACKAGE_NAME "file"
| #define PACKAGE_TARNAME "file"
| #define PACKAGE_VERSION "5.32"
| #define PACKAGE_STRING "file 5.32"
| #define PACKAGE_BUGREPORT "christos@astron.com"
| #define PACKAGE_URL ""
| #define PACKAGE "file"
| #define VERSION "5.32"
| #define BUILTIN_ELF 1
| #define ELFCORE 1
| #define STDC_HEADERS 1
| #define HAVE_SYS_TYPES_H 1
| #define HAVE_SYS_STAT_H 1
| #define HAVE_STDLIB_H 1
| #define HAVE_STRING_H 1
| #define HAVE_MEMORY_H 1
| #define HAVE_STRINGS_H 1
| #define HAVE_INTTYPES_H 1
| #define HAVE_STDINT_H 1
| #define HAVE_UNISTD_H 1
| #define __EXTENSIONS__ 1
| #define _ALL_SOURCE 1
| #define _GNU_SOURCE 1
| #define _POSIX_PTHREAD_SEMANTICS 1
| #define _TANDEM_SOURCE 1
| #define HAVE_DLFCN_H 1
| #define LT_OBJDIR ".libs/"
| #define HAVE_VISIBILITY 1
| #define STDC_HEADERS 1
| #define HAVE_SYS_WAIT_H 1
| #define HAVE_STDINT_H 1
| #define HAVE_FCNTL_H 1
| #define HAVE_LOCALE_H 1
| #define HAVE_STDINT_H 1
| #define HAVE_INTTYPES_H 1
| #define HAVE_UNISTD_H 1
| #define HAVE_STDDEF_H 1
| #define HAVE_UTIME_H 1
| #define HAVE_WCHAR_H 1
| #define HAVE_WCTYPE_H 1
| #define HAVE_LIMITS_H 1
| #define HAVE_GETOPT_H 1
| #define HAVE_ERR_H 1
| #define HAVE_XLOCALE_H 1
| #define HAVE_SIGNAL_H 1
| #define HAVE_SYS_MMAN_H 1
| #define HAVE_SYS_STAT_H 1
| #define HAVE_SYS_TYPES_H 1
| /* end confdefs.h.  */
| #include <stdio.h>
| #ifdef HAVE_SYS_TYPES_H
| # include <sys/types.h>
| #endif
| #ifdef HAVE_SYS_STAT_H
| # include <sys/stat.h>
| #endif
| #ifdef STDC_HEADERS
| # include <stdlib.h>
| # include <stddef.h>
| #else
| # ifdef HAVE_STDLIB_H
| #  include <stdlib.h>
| # endif
| #endif
| #ifdef HAVE_STRING_H
| # if !defined STDC_HEADERS && defined HAVE_MEMORY_H
| #  include <memory.h>
| # endif
| # include <string.h>
| #endif
| #ifdef HAVE_STRINGS_H
| # include <strings.h>
| #endif
| #ifdef HAVE_INTTYPES_H
| # include <inttypes.h>
| #endif
| #ifdef HAVE_STDINT_H
| # include <stdint.h>
| #endif
| #ifdef HAVE_UNISTD_H
| # include <unistd.h>
| #endif
| #include <sys/utime.h>
configure:12817: result: no
configure:12817: checking sys/utime.h presence
configure:12817: gcc -E  conftest.c
conftest.c:51:10: fatal error: 'sys/utime.h' file not found
#include <sys/utime.h>
         ^~~~~~~~~~~~~
1 error generated.
configure:12817: $? = 1
configure: failed program was:
| /* confdefs.h */
| #define PACKAGE_NAME "file"
| #define PACKAGE_TARNAME "file"
| #define PACKAGE_VERSION "5.32"
| #define PACKAGE_STRING "file 5.32"
| #define PACKAGE_BUGREPORT "christos@astron.com"
| #define PACKAGE_URL ""
| #define PACKAGE "file"
| #define VERSION "5.32"
| #define BUILTIN_ELF 1
| #define ELFCORE 1
| #define STDC_HEADERS 1
| #define HAVE_SYS_TYPES_H 1
| #define HAVE_SYS_STAT_H 1
| #define HAVE_STDLIB_H 1
| #define HAVE_STRING_H 1
| #define HAVE_MEMORY_H 1
| #define HAVE_STRINGS_H 1
| #define HAVE_INTTYPES_H 1
| #define HAVE_STDINT_H 1
| #define HAVE_UNISTD_H 1
| #define __EXTENSIONS__ 1
| #define _ALL_SOURCE 1
| #define _GNU_SOURCE 1
| #define _POSIX_PTHREAD_SEMANTICS 1
| #define _TANDEM_SOURCE 1
| #define HAVE_DLFCN_H 1
| #define LT_OBJDIR ".libs/"
| #define HAVE_VISIBILITY 1
| #define STDC_HEADERS 1
| #define HAVE_SYS_WAIT_H 1
| #define HAVE_STDINT_H 1
| #define HAVE_FCNTL_H 1
| #define HAVE_LOCALE_H 1
| #define HAVE_STDINT_H 1
| #define HAVE_INTTYPES_H 1
| #define HAVE_UNISTD_H 1
| #define HAVE_STDDEF_H 1
| #define HAVE_UTIME_H 1
| #define HAVE_WCHAR_H 1
| #define HAVE_WCTYPE_H 1
| #define HAVE_LIMITS_H 1
| #define HAVE_GETOPT_H 1
| #define HAVE_ERR_H 1
| #define HAVE_XLOCALE_H 1
| #define HAVE_SIGNAL_H 1
| #define HAVE_SYS_MMAN_H 1
| #define HAVE_SYS_STAT_H 1
| #define HAVE_SYS_TYPES_H 1
| /* end confdefs.h.  */
| #include <sys/utime.h>
configure:12817: result: no
configure:12817: checking for sys/utime.h
configure:12817: result: no
configure:12817: checking sys/time.h usability
configure:12817: gcc -c -g -O2  conftest.c >&5
configure:12817: $? = 0
configure:12817: result: yes
configure:12817: checking sys/time.h presence
configure:12817: gcc -E  conftest.c
configure:12817: $? = 0
configure:12817: result: yes
configure:12817: checking for sys/time.h
configure:12817: result: yes
configure:12830: checking zlib.h usability
configure:12830: gcc -c -g -O2  conftest.c >&5
configure:12830: $? = 0
configure:12830: result: yes
configure:12830: checking zlib.h presence
configure:12830: gcc -E  conftest.c
configure:12830: $? = 0
configure:12830: result: yes
configure:12830: checking for zlib.h
configure:12830: result: yes
configure:12841: checking for sig_t
configure:12841: gcc -c -g -O2  conftest.c >&5
configure:12841: $? = 0
configure:12841: gcc -c -g -O2  conftest.c >&5
conftest.c:61:20: error: expected expression
if (sizeof ((sig_t)))
                   ^
1 error generated.
configure:12841: $? = 1
configure: failed program was:
| /* confdefs.h */
| #define PACKAGE_NAME "file"
| #define PACKAGE_TARNAME "file"
| #define PACKAGE_VERSION "5.32"
| #define PACKAGE_STRING "file 5.32"
| #define PACKAGE_BUGREPORT "christos@astron.com"
| #define PACKAGE_URL ""
| #define PACKAGE "file"
| #define VERSION "5.32"
| #define BUILTIN_ELF 1
| #define ELFCORE 1
| #define STDC_HEADERS 1
| #define HAVE_SYS_TYPES_H 1
| #define HAVE_SYS_STAT_H 1
| #define HAVE_STDLIB_H 1
| #define HAVE_STRING_H 1
| #define HAVE_MEMORY_H 1
| #define HAVE_STRINGS_H 1
| #define HAVE_INTTYPES_H 1
| #define HAVE_STDINT_H 1
| #define HAVE_UNISTD_H 1
| #define __EXTENSIONS__ 1
| #define _ALL_SOURCE 1
| #define _GNU_SOURCE 1
| #define _POSIX_PTHREAD_SEMANTICS 1
| #define _TANDEM_SOURCE 1
| #define HAVE_DLFCN_H 1
| #define LT_OBJDIR ".libs/"
| #define HAVE_VISIBILITY 1
| #define STDC_HEADERS 1
| #define HAVE_SYS_WAIT_H 1
| #define HAVE_STDINT_H 1
| #define HAVE_FCNTL_H 1
| #define HAVE_LOCALE_H 1
| #define HAVE_STDINT_H 1
| #define HAVE_INTTYPES_H 1
| #define HAVE_UNISTD_H 1
| #define HAVE_STDDEF_H 1
| #define HAVE_UTIME_H 1
| #define HAVE_WCHAR_H 1
| #define HAVE_WCTYPE_H 1
| #define HAVE_LIMITS_H 1
| #define HAVE_GETOPT_H 1
| #define HAVE_ERR_H 1
| #define HAVE_XLOCALE_H 1
| #define HAVE_SIGNAL_H 1
| #define HAVE_SYS_MMAN_H 1
| #define HAVE_SYS_STAT_H 1
| #define HAVE_SYS_TYPES_H 1
| #define HAVE_SYS_TIME_H 1
| #define HAVE_ZLIB_H 1
| /* end confdefs.h.  */
| 
| #ifdef HAVE_SIGNAL_H
| #include <signal.h>
| #endif
| 
| int
| main ()
| {
| if (sizeof ((sig_t)))
| 	    return 0;
|   ;
|   return 0;
| }
configure:12841: result: yes
configure:12853: checking for an ANSI C-conforming const
configure:12919: gcc -c -g -O2  conftest.c >&5
configure:12919: $? = 0
configure:12926: result: yes
configure:12934: checking for off_t
configure:12934: gcc -c -g -O2  conftest.c >&5
configure:12934: $? = 0
configure:12934: gcc -c -g -O2  conftest.c >&5
conftest.c:90:20: error: expected expression
if (sizeof ((off_t)))
                   ^
1 error generated.
configure:12934: $? = 1
configure: failed program was:
| /* confdefs.h */
| #define PACKAGE_NAME "file"
| #define PACKAGE_TARNAME "file"
| #define PACKAGE_VERSION "5.32"
| #define PACKAGE_STRING "file 5.32"
| #define PACKAGE_BUGREPORT "christos@astron.com"
| #define PACKAGE_URL ""
| #define PACKAGE "file"
| #define VERSION "5.32"
| #define BUILTIN_ELF 1
| #define ELFCORE 1
| #define STDC_HEADERS 1
| #define HAVE_SYS_TYPES_H 1
| #define HAVE_SYS_STAT_H 1
| #define HAVE_STDLIB_H 1
| #define HAVE_STRING_H 1
| #define HAVE_MEMORY_H 1
| #define HAVE_STRINGS_H 1
| #define HAVE_INTTYPES_H 1
| #define HAVE_STDINT_H 1
| #define HAVE_UNISTD_H 1
| #define __EXTENSIONS__ 1
| #define _ALL_SOURCE 1
| #define _GNU_SOURCE 1
| #define _POSIX_PTHREAD_SEMANTICS 1
| #define _TANDEM_SOURCE 1
| #define HAVE_DLFCN_H 1
| #define LT_OBJDIR ".libs/"
| #define HAVE_VISIBILITY 1
| #define STDC_HEADERS 1
| #define HAVE_SYS_WAIT_H 1
| #define HAVE_STDINT_H 1
| #define HAVE_FCNTL_H 1
| #define HAVE_LOCALE_H 1
| #define HAVE_STDINT_H 1
| #define HAVE_INTTYPES_H 1
| #define HAVE_UNISTD_H 1
| #define HAVE_STDDEF_H 1
| #define HAVE_UTIME_H 1
| #define HAVE_WCHAR_H 1
| #define HAVE_WCTYPE_H 1
| #define HAVE_LIMITS_H 1
| #define HAVE_GETOPT_H 1
| #define HAVE_ERR_H 1
| #define HAVE_XLOCALE_H 1
| #define HAVE_SIGNAL_H 1
| #define HAVE_SYS_MMAN_H 1
| #define HAVE_SYS_STAT_H 1
| #define HAVE_SYS_TYPES_H 1
| #define HAVE_SYS_TIME_H 1
| #define HAVE_ZLIB_H 1
| #define HAVE_SIG_T 1
| /* end confdefs.h.  */
| #include <stdio.h>
| #ifdef HAVE_SYS_TYPES_H
| # include <sys/types.h>
| #endif
| #ifdef HAVE_SYS_STAT_H
| # include <sys/stat.h>
| #endif
| #ifdef STDC_HEADERS
| # include <stdlib.h>
| # include <stddef.h>
| #else
| # ifdef HAVE_STDLIB_H
| #  include <stdlib.h>
| # endif
| #endif
| #ifdef HAVE_STRING_H
| # if !defined STDC_HEADERS && defined HAVE_MEMORY_H
| #  include <memory.h>
| # endif
| # include <string.h>
| #endif
| #ifdef HAVE_STRINGS_H
| # include <strings.h>
| #endif
| #ifdef HAVE_INTTYPES_H
| # include <inttypes.h>
| #endif
| #ifdef HAVE_STDINT_H
| # include <stdint.h>
| #endif
| #ifdef HAVE_UNISTD_H
| # include <unistd.h>
| #endif
| int
| main ()
| {
| if (sizeof ((off_t)))
| 	    return 0;
|   ;
|   return 0;
| }
configure:12934: result: yes
configure:12945: checking for size_t
configure:12945: gcc -c -g -O2  conftest.c >&5
configure:12945: $? = 0
configure:12945: gcc -c -g -O2  conftest.c >&5
conftest.c:90:21: error: expected expression
if (sizeof ((size_t)))
                    ^
1 error generated.
configure:12945: $? = 1
configure: failed program was:
| /* confdefs.h */
| #define PACKAGE_NAME "file"
| #define PACKAGE_TARNAME "file"
| #define PACKAGE_VERSION "5.32"
| #define PACKAGE_STRING "file 5.32"
| #define PACKAGE_BUGREPORT "christos@astron.com"
| #define PACKAGE_URL ""
| #define PACKAGE "file"
| #define VERSION "5.32"
| #define BUILTIN_ELF 1
| #define ELFCORE 1
| #define STDC_HEADERS 1
| #define HAVE_SYS_TYPES_H 1
| #define HAVE_SYS_STAT_H 1
| #define HAVE_STDLIB_H 1
| #define HAVE_STRING_H 1
| #define HAVE_MEMORY_H 1
| #define HAVE_STRINGS_H 1
| #define HAVE_INTTYPES_H 1
| #define HAVE_STDINT_H 1
| #define HAVE_UNISTD_H 1
| #define __EXTENSIONS__ 1
| #define _ALL_SOURCE 1
| #define _GNU_SOURCE 1
| #define _POSIX_PTHREAD_SEMANTICS 1
| #define _TANDEM_SOURCE 1
| #define HAVE_DLFCN_H 1
| #define LT_OBJDIR ".libs/"
| #define HAVE_VISIBILITY 1
| #define STDC_HEADERS 1
| #define HAVE_SYS_WAIT_H 1
| #define HAVE_STDINT_H 1
| #define HAVE_FCNTL_H 1
| #define HAVE_LOCALE_H 1
| #define HAVE_STDINT_H 1
| #define HAVE_INTTYPES_H 1
| #define HAVE_UNISTD_H 1
| #define HAVE_STDDEF_H 1
| #define HAVE_UTIME_H 1
| #define HAVE_WCHAR_H 1
| #define HAVE_WCTYPE_H 1
| #define HAVE_LIMITS_H 1
| #define HAVE_GETOPT_H 1
| #define HAVE_ERR_H 1
| #define HAVE_XLOCALE_H 1
| #define HAVE_SIGNAL_H 1
| #define HAVE_SYS_MMAN_H 1
| #define HAVE_SYS_STAT_H 1
| #define HAVE_SYS_TYPES_H 1
| #define HAVE_SYS_TIME_H 1
| #define HAVE_ZLIB_H 1
| #define HAVE_SIG_T 1
| /* end confdefs.h.  */
| #include <stdio.h>
| #ifdef HAVE_SYS_TYPES_H
| # include <sys/types.h>
| #endif
| #ifdef HAVE_SYS_STAT_H
| # include <sys/stat.h>
| #endif
| #ifdef STDC_HEADERS
| # include <stdlib.h>
| # include <stddef.h>
| #else
| # ifdef HAVE_STDLIB_H
| #  include <stdlib.h>
| # endif
| #endif
| #ifdef HAVE_STRING_H
| # if !defined STDC_HEADERS && defined HAVE_MEMORY_H
| #  include <memory.h>
| # endif
| # include <string.h>
| #endif
| #ifdef HAVE_STRINGS_H
| # include <strings.h>
| #endif
| #ifdef HAVE_INTTYPES_H
| # include <inttypes.h>
| #endif
| #ifdef HAVE_STDINT_H
| # include <stdint.h>
| #endif
| #ifdef HAVE_UNISTD_H
| # include <unistd.h>
| #endif
| int
| main ()
| {
| if (sizeof ((size_t)))
| 	    return 0;
|   ;
|   return 0;
| }
configure:12945: result: yes
configure:12956: checking for struct stat.st_rdev
configure:12956: gcc -c -g -O2  conftest.c >&5
configure:12956: $? = 0
configure:12956: result: yes
configure:12967: checking for struct tm.tm_gmtoff
configure:12967: gcc -c -g -O2  conftest.c >&5
conftest.c:91:18: error: variable has incomplete type 'struct tm'
static struct tm ac_aggr;
                 ^
conftest.c:91:15: note: forward declaration of 'struct tm'
static struct tm ac_aggr;
              ^
1 error generated.
configure:12967: $? = 1
configure: failed program was:
| /* confdefs.h */
| #define PACKAGE_NAME "file"
| #define PACKAGE_TARNAME "file"
| #define PACKAGE_VERSION "5.32"
| #define PACKAGE_STRING "file 5.32"
| #define PACKAGE_BUGREPORT "christos@astron.com"
| #define PACKAGE_URL ""
| #define PACKAGE "file"
| #define VERSION "5.32"
| #define BUILTIN_ELF 1
| #define ELFCORE 1
| #define STDC_HEADERS 1
| #define HAVE_SYS_TYPES_H 1
| #define HAVE_SYS_STAT_H 1
| #define HAVE_STDLIB_H 1
| #define HAVE_STRING_H 1
| #define HAVE_MEMORY_H 1
| #define HAVE_STRINGS_H 1
| #define HAVE_INTTYPES_H 1
| #define HAVE_STDINT_H 1
| #define HAVE_UNISTD_H 1
| #define __EXTENSIONS__ 1
| #define _ALL_SOURCE 1
| #define _GNU_SOURCE 1
| #define _POSIX_PTHREAD_SEMANTICS 1
| #define _TANDEM_SOURCE 1
| #define HAVE_DLFCN_H 1
| #define LT_OBJDIR ".libs/"
| #define HAVE_VISIBILITY 1
| #define STDC_HEADERS 1
| #define HAVE_SYS_WAIT_H 1
| #define HAVE_STDINT_H 1
| #define HAVE_FCNTL_H 1
| #define HAVE_LOCALE_H 1
| #define HAVE_STDINT_H 1
| #define HAVE_INTTYPES_H 1
| #define HAVE_UNISTD_H 1
| #define HAVE_STDDEF_H 1
| #define HAVE_UTIME_H 1
| #define HAVE_WCHAR_H 1
| #define HAVE_WCTYPE_H 1
| #define HAVE_LIMITS_H 1
| #define HAVE_GETOPT_H 1
| #define HAVE_ERR_H 1
| #define HAVE_XLOCALE_H 1
| #define HAVE_SIGNAL_H 1
| #define HAVE_SYS_MMAN_H 1
| #define HAVE_SYS_STAT_H 1
| #define HAVE_SYS_TYPES_H 1
| #define HAVE_SYS_TIME_H 1
| #define HAVE_ZLIB_H 1
| #define HAVE_SIG_T 1
| #define HAVE_STRUCT_STAT_ST_RDEV 1
| /* end confdefs.h.  */
| #include <stdio.h>
| #ifdef HAVE_SYS_TYPES_H
| # include <sys/types.h>
| #endif
| #ifdef HAVE_SYS_STAT_H
| # include <sys/stat.h>
| #endif
| #ifdef STDC_HEADERS
| # include <stdlib.h>
| # include <stddef.h>
| #else
| # ifdef HAVE_STDLIB_H
| #  include <stdlib.h>
| # endif
| #endif
| #ifdef HAVE_STRING_H
| # if !defined STDC_HEADERS && defined HAVE_MEMORY_H
| #  include <memory.h>
| # endif
| # include <string.h>
| #endif
| #ifdef HAVE_STRINGS_H
| # include <strings.h>
| #endif
| #ifdef HAVE_INTTYPES_H
| # include <inttypes.h>
| #endif
| #ifdef HAVE_STDINT_H
| # include <stdint.h>
| #endif
| #ifdef HAVE_UNISTD_H
| # include <unistd.h>
| #endif
| int
| main ()
| {
| static struct tm ac_aggr;
| if (ac_aggr.tm_gmtoff)
| return 0;
|   ;
|   return 0;
| }
configure:12967: gcc -c -g -O2  conftest.c >&5
conftest.c:91:18: error: variable has incomplete type 'struct tm'
static struct tm ac_aggr;
                 ^
conftest.c:91:15: note: forward declaration of 'struct tm'
static struct tm ac_aggr;
              ^
1 error generated.
configure:12967: $? = 1
configure: failed program was:
| /* confdefs.h */
| #define PACKAGE_NAME "file"
| #define PACKAGE_TARNAME "file"
| #define PACKAGE_VERSION "5.32"
| #define PACKAGE_STRING "file 5.32"
| #define PACKAGE_BUGREPORT "christos@astron.com"
| #define PACKAGE_URL ""
| #define PACKAGE "file"
| #define VERSION "5.32"
| #define BUILTIN_ELF 1
| #define ELFCORE 1
| #define STDC_HEADERS 1
| #define HAVE_SYS_TYPES_H 1
| #define HAVE_SYS_STAT_H 1
| #define HAVE_STDLIB_H 1
| #define HAVE_STRING_H 1
| #define HAVE_MEMORY_H 1
| #define HAVE_STRINGS_H 1
| #define HAVE_INTTYPES_H 1
| #define HAVE_STDINT_H 1
| #define HAVE_UNISTD_H 1
| #define __EXTENSIONS__ 1
| #define _ALL_SOURCE 1
| #define _GNU_SOURCE 1
| #define _POSIX_PTHREAD_SEMANTICS 1
| #define _TANDEM_SOURCE 1
| #define HAVE_DLFCN_H 1
| #define LT_OBJDIR ".libs/"
| #define HAVE_VISIBILITY 1
| #define STDC_HEADERS 1
| #define HAVE_SYS_WAIT_H 1
| #define HAVE_STDINT_H 1
| #define HAVE_FCNTL_H 1
| #define HAVE_LOCALE_H 1
| #define HAVE_STDINT_H 1
| #define HAVE_INTTYPES_H 1
| #define HAVE_UNISTD_H 1
| #define HAVE_STDDEF_H 1
| #define HAVE_UTIME_H 1
| #define HAVE_WCHAR_H 1
| #define HAVE_WCTYPE_H 1
| #define HAVE_LIMITS_H 1
| #define HAVE_GETOPT_H 1
| #define HAVE_ERR_H 1
| #define HAVE_XLOCALE_H 1
| #define HAVE_SIGNAL_H 1
| #define HAVE_SYS_MMAN_H 1
| #define HAVE_SYS_STAT_H 1
| #define HAVE_SYS_TYPES_H 1
| #define HAVE_SYS_TIME_H 1
| #define HAVE_ZLIB_H 1
| #define HAVE_SIG_T 1
| #define HAVE_STRUCT_STAT_ST_RDEV 1
| /* end confdefs.h.  */
| #include <stdio.h>
| #ifdef HAVE_SYS_TYPES_H
| # include <sys/types.h>
| #endif
| #ifdef HAVE_SYS_STAT_H
| # include <sys/stat.h>
| #endif
| #ifdef STDC_HEADERS
| # include <stdlib.h>
| # include <stddef.h>
| #else
| # ifdef HAVE_STDLIB_H
| #  include <stdlib.h>
| # endif
| #endif
| #ifdef HAVE_STRING_H
| # if !defined STDC_HEADERS && defined HAVE_MEMORY_H
| #  include <memory.h>
| # endif
| # include <string.h>
| #endif
| #ifdef HAVE_STRINGS_H
| # include <strings.h>
| #endif
| #ifdef HAVE_INTTYPES_H
| # include <inttypes.h>
| #endif
| #ifdef HAVE_STDINT_H
| # include <stdint.h>
| #endif
| #ifdef HAVE_UNISTD_H
| # include <unistd.h>
| #endif
| int
| main ()
| {
| static struct tm ac_aggr;
| if (sizeof ac_aggr.tm_gmtoff)
| return 0;
|   ;
|   return 0;
| }
configure:12967: result: no
configure:12977: checking whether struct tm is in sys/time.h or time.h
configure:12997: gcc -c -g -O2  conftest.c >&5
configure:12997: $? = 0
configure:13004: result: time.h
configure:13012: checking for struct tm.tm_zone
configure:13012: gcc -c -g -O2  conftest.c >&5
configure:13012: $? = 0
configure:13012: result: yes
configure:13079: checking for tm_zone in struct tm
configure:13096: gcc -c -g -O2  conftest.c >&5
conftest.c:62:18: warning: expression result unused [-Wunused-value]
struct tm tm; tm.tm_zone;
              ~~ ^~~~~~~
1 warning generated.
configure:13096: $? = 0
configure:13103: result: yes
configure:13113: checking whether tzname is declared
configure:13113: gcc -c -g -O2  conftest.c >&5
configure:13113: $? = 0
configure:13113: result: yes
configure:13125: checking for tzname
configure:13144: gcc -o conftest -g -O2   conftest.c  >&5
configure:13144: $? = 0
configure:13152: result: yes
configure:13160: checking for tm_isdst in struct tm
configure:13177: gcc -c -g -O2  conftest.c >&5
conftest.c:65:18: warning: expression result unused [-Wunused-value]
struct tm tm; tm.tm_isdst;
              ~~ ^~~~~~~~
1 warning generated.
configure:13177: $? = 0
configure:13184: result: yes
configure:13193: checking whether daylight is declared
configure:13193: gcc -c -g -O2  conftest.c >&5
configure:13193: $? = 0
configure:13193: result: yes
configure:13205: checking for daylight
configure:13224: gcc -o conftest -g -O2   conftest.c  >&5
conftest.c:69:1: warning: implicit declaration of function 'atoi' is invalid in C99 [-Wimplicit-function-declaration]
atoi(daylight);
^
1 warning generated.
configure:13224: $? = 0
configure:13232: result: yes
configure:13247: checking for special C compiler options needed for large files
configure:13292: result: no
configure:13298: checking for _FILE_OFFSET_BITS value needed for large files
configure:13323: gcc -c -g -O2  conftest.c >&5
configure:13323: $? = 0
configure:13355: result: no
configure:13440: checking for _LARGEFILE_SOURCE value needed for large files
configure:13459: gcc -o conftest -g -O2   conftest.c  >&5
configure:13459: $? = 0
configure:13487: result: no
configure:13508: checking for mbstate_t
configure:13525: gcc -c -g -O2  conftest.c >&5
configure:13525: $? = 0
configure:13532: result: yes
configure:13544: checking for struct option in getopt
configure:13560: gcc -c -g -O2  conftest.c >&5
conftest.c:69:22: warning: expression result unused [-Wunused-value]
struct option op; op.name;
                  ~~ ^~~~
1 warning generated.
configure:13560: $? = 0
configure:13567: result: yes
configure:13575: checking for pid_t
configure:13575: gcc -c -g -O2  conftest.c >&5
configure:13575: $? = 0
configure:13575: gcc -c -g -O2  conftest.c >&5
conftest.c:102:20: error: expected expression
if (sizeof ((pid_t)))
                   ^
1 error generated.
configure:13575: $? = 1
configure: failed program was:
| /* confdefs.h */
| #define PACKAGE_NAME "file"
| #define PACKAGE_TARNAME "file"
| #define PACKAGE_VERSION "5.32"
| #define PACKAGE_STRING "file 5.32"
| #define PACKAGE_BUGREPORT "christos@astron.com"
| #define PACKAGE_URL ""
| #define PACKAGE "file"
| #define VERSION "5.32"
| #define BUILTIN_ELF 1
| #define ELFCORE 1
| #define STDC_HEADERS 1
| #define HAVE_SYS_TYPES_H 1
| #define HAVE_SYS_STAT_H 1
| #define HAVE_STDLIB_H 1
| #define HAVE_STRING_H 1
| #define HAVE_MEMORY_H 1
| #define HAVE_STRINGS_H 1
| #define HAVE_INTTYPES_H 1
| #define HAVE_STDINT_H 1
| #define HAVE_UNISTD_H 1
| #define __EXTENSIONS__ 1
| #define _ALL_SOURCE 1
| #define _GNU_SOURCE 1
| #define _POSIX_PTHREAD_SEMANTICS 1
| #define _TANDEM_SOURCE 1
| #define HAVE_DLFCN_H 1
| #define LT_OBJDIR ".libs/"
| #define HAVE_VISIBILITY 1
| #define STDC_HEADERS 1
| #define HAVE_SYS_WAIT_H 1
| #define HAVE_STDINT_H 1
| #define HAVE_FCNTL_H 1
| #define HAVE_LOCALE_H 1
| #define HAVE_STDINT_H 1
| #define HAVE_INTTYPES_H 1
| #define HAVE_UNISTD_H 1
| #define HAVE_STDDEF_H 1
| #define HAVE_UTIME_H 1
| #define HAVE_WCHAR_H 1
| #define HAVE_WCTYPE_H 1
| #define HAVE_LIMITS_H 1
| #define HAVE_GETOPT_H 1
| #define HAVE_ERR_H 1
| #define HAVE_XLOCALE_H 1
| #define HAVE_SIGNAL_H 1
| #define HAVE_SYS_MMAN_H 1
| #define HAVE_SYS_STAT_H 1
| #define HAVE_SYS_TYPES_H 1
| #define HAVE_SYS_TIME_H 1
| #define HAVE_ZLIB_H 1
| #define HAVE_SIG_T 1
| #define HAVE_STRUCT_STAT_ST_RDEV 1
| #define HAVE_STRUCT_TM_TM_ZONE 1
| #define HAVE_TM_ZONE 1
| #define HAVE_TM_ZONE 1
| #define HAVE_DECL_TZNAME 1
| #define HAVE_TZNAME 1
| #define HAVE_TM_ISDST 1
| #define HAVE_DECL_DAYLIGHT 1
| #define HAVE_DAYLIGHT 1
| #define HAVE_FSEEKO 1
| #define HAVE_MBSTATE_T 1
| #define HAVE_STRUCT_OPTION 1
| /* end confdefs.h.  */
| #include <stdio.h>
| #ifdef HAVE_SYS_TYPES_H
| # include <sys/types.h>
| #endif
| #ifdef HAVE_SYS_STAT_H
| # include <sys/stat.h>
| #endif
| #ifdef STDC_HEADERS
| # include <stdlib.h>
| # include <stddef.h>
| #else
| # ifdef HAVE_STDLIB_H
| #  include <stdlib.h>
| # endif
| #endif
| #ifdef HAVE_STRING_H
| # if !defined STDC_HEADERS && defined HAVE_MEMORY_H
| #  include <memory.h>
| # endif
| # include <string.h>
| #endif
| #ifdef HAVE_STRINGS_H
| # include <strings.h>
| #endif
| #ifdef HAVE_INTTYPES_H
| # include <inttypes.h>
| #endif
| #ifdef HAVE_STDINT_H
| # include <stdint.h>
| #endif
| #ifdef HAVE_UNISTD_H
| # include <unistd.h>
| #endif
| int
| main ()
| {
| if (sizeof ((pid_t)))
| 	    return 0;
|   ;
|   return 0;
| }
configure:13575: result: yes
configure:13586: checking for uint8_t
configure:13586: gcc -c -g -O2  conftest.c >&5
configure:13586: $? = 0
configure:13586: result: yes
configure:13600: checking for uint16_t
configure:13600: gcc -c -g -O2  conftest.c >&5
configure:13600: $? = 0
configure:13600: result: yes
configure:13612: checking for uint32_t
configure:13612: gcc -c -g -O2  conftest.c >&5
configure:13612: $? = 0
configure:13612: result: yes
configure:13626: checking for int32_t
configure:13626: gcc -c -g -O2  conftest.c >&5
configure:13626: $? = 0
configure:13626: gcc -c -g -O2  conftest.c >&5
conftest.c:103:24: error: 'test_array' declared as an array with a negative size
static int test_array [1 - 2 * !((int32_t) (((((int32_t) 1 << N) << N) - 1) * 2 + 1)
                       ^~~~~~~~~~~~~~~~~~~~~~~~~~~~~~~~~~~~~~~~~~~~~~~~~~~~~~~~~~~~~
1 error generated.
configure:13626: $? = 1
configure: failed program was:
| /* confdefs.h */
| #define PACKAGE_NAME "file"
| #define PACKAGE_TARNAME "file"
| #define PACKAGE_VERSION "5.32"
| #define PACKAGE_STRING "file 5.32"
| #define PACKAGE_BUGREPORT "christos@astron.com"
| #define PACKAGE_URL ""
| #define PACKAGE "file"
| #define VERSION "5.32"
| #define BUILTIN_ELF 1
| #define ELFCORE 1
| #define STDC_HEADERS 1
| #define HAVE_SYS_TYPES_H 1
| #define HAVE_SYS_STAT_H 1
| #define HAVE_STDLIB_H 1
| #define HAVE_STRING_H 1
| #define HAVE_MEMORY_H 1
| #define HAVE_STRINGS_H 1
| #define HAVE_INTTYPES_H 1
| #define HAVE_STDINT_H 1
| #define HAVE_UNISTD_H 1
| #define __EXTENSIONS__ 1
| #define _ALL_SOURCE 1
| #define _GNU_SOURCE 1
| #define _POSIX_PTHREAD_SEMANTICS 1
| #define _TANDEM_SOURCE 1
| #define HAVE_DLFCN_H 1
| #define LT_OBJDIR ".libs/"
| #define HAVE_VISIBILITY 1
| #define STDC_HEADERS 1
| #define HAVE_SYS_WAIT_H 1
| #define HAVE_STDINT_H 1
| #define HAVE_FCNTL_H 1
| #define HAVE_LOCALE_H 1
| #define HAVE_STDINT_H 1
| #define HAVE_INTTYPES_H 1
| #define HAVE_UNISTD_H 1
| #define HAVE_STDDEF_H 1
| #define HAVE_UTIME_H 1
| #define HAVE_WCHAR_H 1
| #define HAVE_WCTYPE_H 1
| #define HAVE_LIMITS_H 1
| #define HAVE_GETOPT_H 1
| #define HAVE_ERR_H 1
| #define HAVE_XLOCALE_H 1
| #define HAVE_SIGNAL_H 1
| #define HAVE_SYS_MMAN_H 1
| #define HAVE_SYS_STAT_H 1
| #define HAVE_SYS_TYPES_H 1
| #define HAVE_SYS_TIME_H 1
| #define HAVE_ZLIB_H 1
| #define HAVE_SIG_T 1
| #define HAVE_STRUCT_STAT_ST_RDEV 1
| #define HAVE_STRUCT_TM_TM_ZONE 1
| #define HAVE_TM_ZONE 1
| #define HAVE_TM_ZONE 1
| #define HAVE_DECL_TZNAME 1
| #define HAVE_TZNAME 1
| #define HAVE_TM_ISDST 1
| #define HAVE_DECL_DAYLIGHT 1
| #define HAVE_DAYLIGHT 1
| #define HAVE_FSEEKO 1
| #define HAVE_MBSTATE_T 1
| #define HAVE_STRUCT_OPTION 1
| /* end confdefs.h.  */
| #include <stdio.h>
| #ifdef HAVE_SYS_TYPES_H
| # include <sys/types.h>
| #endif
| #ifdef HAVE_SYS_STAT_H
| # include <sys/stat.h>
| #endif
| #ifdef STDC_HEADERS
| # include <stdlib.h>
| # include <stddef.h>
| #else
| # ifdef HAVE_STDLIB_H
| #  include <stdlib.h>
| # endif
| #endif
| #ifdef HAVE_STRING_H
| # if !defined STDC_HEADERS && defined HAVE_MEMORY_H
| #  include <memory.h>
| # endif
| # include <string.h>
| #endif
| #ifdef HAVE_STRINGS_H
| # include <strings.h>
| #endif
| #ifdef HAVE_INTTYPES_H
| # include <inttypes.h>
| #endif
| #ifdef HAVE_STDINT_H
| # include <stdint.h>
| #endif
| #ifdef HAVE_UNISTD_H
| # include <unistd.h>
| #endif
| 	        enum { N = 32 / 2 - 1 };
| int
| main ()
| {
| static int test_array [1 - 2 * !((int32_t) (((((int32_t) 1 << N) << N) - 1) * 2 + 1)
| 		 < (int32_t) (((((int32_t) 1 << N) << N) - 1) * 2 + 2))];
| test_array [0] = 0;
| return test_array [0];
| 
|   ;
|   return 0;
| }
configure:13626: result: yes
configure:13637: checking for uint64_t
configure:13637: gcc -c -g -O2  conftest.c >&5
configure:13637: $? = 0
configure:13637: result: yes
configure:13651: checking for int64_t
configure:13651: gcc -c -g -O2  conftest.c >&5
configure:13651: $? = 0
configure:13651: gcc -c -g -O2  conftest.c >&5
conftest.c:103:24: error: 'test_array' declared as an array with a negative size
static int test_array [1 - 2 * !((int64_t) (((((int64_t) 1 << N) << N) - 1) * 2 + 1)
                       ^~~~~~~~~~~~~~~~~~~~~~~~~~~~~~~~~~~~~~~~~~~~~~~~~~~~~~~~~~~~~
1 error generated.
configure:13651: $? = 1
configure: failed program was:
| /* confdefs.h */
| #define PACKAGE_NAME "file"
| #define PACKAGE_TARNAME "file"
| #define PACKAGE_VERSION "5.32"
| #define PACKAGE_STRING "file 5.32"
| #define PACKAGE_BUGREPORT "christos@astron.com"
| #define PACKAGE_URL ""
| #define PACKAGE "file"
| #define VERSION "5.32"
| #define BUILTIN_ELF 1
| #define ELFCORE 1
| #define STDC_HEADERS 1
| #define HAVE_SYS_TYPES_H 1
| #define HAVE_SYS_STAT_H 1
| #define HAVE_STDLIB_H 1
| #define HAVE_STRING_H 1
| #define HAVE_MEMORY_H 1
| #define HAVE_STRINGS_H 1
| #define HAVE_INTTYPES_H 1
| #define HAVE_STDINT_H 1
| #define HAVE_UNISTD_H 1
| #define __EXTENSIONS__ 1
| #define _ALL_SOURCE 1
| #define _GNU_SOURCE 1
| #define _POSIX_PTHREAD_SEMANTICS 1
| #define _TANDEM_SOURCE 1
| #define HAVE_DLFCN_H 1
| #define LT_OBJDIR ".libs/"
| #define HAVE_VISIBILITY 1
| #define STDC_HEADERS 1
| #define HAVE_SYS_WAIT_H 1
| #define HAVE_STDINT_H 1
| #define HAVE_FCNTL_H 1
| #define HAVE_LOCALE_H 1
| #define HAVE_STDINT_H 1
| #define HAVE_INTTYPES_H 1
| #define HAVE_UNISTD_H 1
| #define HAVE_STDDEF_H 1
| #define HAVE_UTIME_H 1
| #define HAVE_WCHAR_H 1
| #define HAVE_WCTYPE_H 1
| #define HAVE_LIMITS_H 1
| #define HAVE_GETOPT_H 1
| #define HAVE_ERR_H 1
| #define HAVE_XLOCALE_H 1
| #define HAVE_SIGNAL_H 1
| #define HAVE_SYS_MMAN_H 1
| #define HAVE_SYS_STAT_H 1
| #define HAVE_SYS_TYPES_H 1
| #define HAVE_SYS_TIME_H 1
| #define HAVE_ZLIB_H 1
| #define HAVE_SIG_T 1
| #define HAVE_STRUCT_STAT_ST_RDEV 1
| #define HAVE_STRUCT_TM_TM_ZONE 1
| #define HAVE_TM_ZONE 1
| #define HAVE_TM_ZONE 1
| #define HAVE_DECL_TZNAME 1
| #define HAVE_TZNAME 1
| #define HAVE_TM_ISDST 1
| #define HAVE_DECL_DAYLIGHT 1
| #define HAVE_DAYLIGHT 1
| #define HAVE_FSEEKO 1
| #define HAVE_MBSTATE_T 1
| #define HAVE_STRUCT_OPTION 1
| /* end confdefs.h.  */
| #include <stdio.h>
| #ifdef HAVE_SYS_TYPES_H
| # include <sys/types.h>
| #endif
| #ifdef HAVE_SYS_STAT_H
| # include <sys/stat.h>
| #endif
| #ifdef STDC_HEADERS
| # include <stdlib.h>
| # include <stddef.h>
| #else
| # ifdef HAVE_STDLIB_H
| #  include <stdlib.h>
| # endif
| #endif
| #ifdef HAVE_STRING_H
| # if !defined STDC_HEADERS && defined HAVE_MEMORY_H
| #  include <memory.h>
| # endif
| # include <string.h>
| #endif
| #ifdef HAVE_STRINGS_H
| # include <strings.h>
| #endif
| #ifdef HAVE_INTTYPES_H
| # include <inttypes.h>
| #endif
| #ifdef HAVE_STDINT_H
| # include <stdint.h>
| #endif
| #ifdef HAVE_UNISTD_H
| # include <unistd.h>
| #endif
| 	        enum { N = 64 / 2 - 1 };
| int
| main ()
| {
| static int test_array [1 - 2 * !((int64_t) (((((int64_t) 1 << N) << N) - 1) * 2 + 1)
| 		 < (int64_t) (((((int64_t) 1 << N) << N) - 1) * 2 + 2))];
| test_array [0] = 0;
| return test_array [0];
| 
|   ;
|   return 0;
| }
configure:13651: result: yes
configure:13663: checking for intptr_t
configure:13663: gcc -c -g -O2  conftest.c >&5
configure:13663: $? = 0
configure:13663: gcc -c -g -O2  conftest.c >&5
conftest.c:102:23: error: expected expression
if (sizeof ((intptr_t)))
                      ^
1 error generated.
configure:13663: $? = 1
configure: failed program was:
| /* confdefs.h */
| #define PACKAGE_NAME "file"
| #define PACKAGE_TARNAME "file"
| #define PACKAGE_VERSION "5.32"
| #define PACKAGE_STRING "file 5.32"
| #define PACKAGE_BUGREPORT "christos@astron.com"
| #define PACKAGE_URL ""
| #define PACKAGE "file"
| #define VERSION "5.32"
| #define BUILTIN_ELF 1
| #define ELFCORE 1
| #define STDC_HEADERS 1
| #define HAVE_SYS_TYPES_H 1
| #define HAVE_SYS_STAT_H 1
| #define HAVE_STDLIB_H 1
| #define HAVE_STRING_H 1
| #define HAVE_MEMORY_H 1
| #define HAVE_STRINGS_H 1
| #define HAVE_INTTYPES_H 1
| #define HAVE_STDINT_H 1
| #define HAVE_UNISTD_H 1
| #define __EXTENSIONS__ 1
| #define _ALL_SOURCE 1
| #define _GNU_SOURCE 1
| #define _POSIX_PTHREAD_SEMANTICS 1
| #define _TANDEM_SOURCE 1
| #define HAVE_DLFCN_H 1
| #define LT_OBJDIR ".libs/"
| #define HAVE_VISIBILITY 1
| #define STDC_HEADERS 1
| #define HAVE_SYS_WAIT_H 1
| #define HAVE_STDINT_H 1
| #define HAVE_FCNTL_H 1
| #define HAVE_LOCALE_H 1
| #define HAVE_STDINT_H 1
| #define HAVE_INTTYPES_H 1
| #define HAVE_UNISTD_H 1
| #define HAVE_STDDEF_H 1
| #define HAVE_UTIME_H 1
| #define HAVE_WCHAR_H 1
| #define HAVE_WCTYPE_H 1
| #define HAVE_LIMITS_H 1
| #define HAVE_GETOPT_H 1
| #define HAVE_ERR_H 1
| #define HAVE_XLOCALE_H 1
| #define HAVE_SIGNAL_H 1
| #define HAVE_SYS_MMAN_H 1
| #define HAVE_SYS_STAT_H 1
| #define HAVE_SYS_TYPES_H 1
| #define HAVE_SYS_TIME_H 1
| #define HAVE_ZLIB_H 1
| #define HAVE_SIG_T 1
| #define HAVE_STRUCT_STAT_ST_RDEV 1
| #define HAVE_STRUCT_TM_TM_ZONE 1
| #define HAVE_TM_ZONE 1
| #define HAVE_TM_ZONE 1
| #define HAVE_DECL_TZNAME 1
| #define HAVE_TZNAME 1
| #define HAVE_TM_ISDST 1
| #define HAVE_DECL_DAYLIGHT 1
| #define HAVE_DAYLIGHT 1
| #define HAVE_FSEEKO 1
| #define HAVE_MBSTATE_T 1
| #define HAVE_STRUCT_OPTION 1
| /* end confdefs.h.  */
| #include <stdio.h>
| #ifdef HAVE_SYS_TYPES_H
| # include <sys/types.h>
| #endif
| #ifdef HAVE_SYS_STAT_H
| # include <sys/stat.h>
| #endif
| #ifdef STDC_HEADERS
| # include <stdlib.h>
| # include <stddef.h>
| #else
| # ifdef HAVE_STDLIB_H
| #  include <stdlib.h>
| # endif
| #endif
| #ifdef HAVE_STRING_H
| # if !defined STDC_HEADERS && defined HAVE_MEMORY_H
| #  include <memory.h>
| # endif
| # include <string.h>
| #endif
| #ifdef HAVE_STRINGS_H
| # include <strings.h>
| #endif
| #ifdef HAVE_INTTYPES_H
| # include <inttypes.h>
| #endif
| #ifdef HAVE_STDINT_H
| # include <stdint.h>
| #endif
| #ifdef HAVE_UNISTD_H
| # include <unistd.h>
| #endif
| int
| main ()
| {
| if (sizeof ((intptr_t)))
| 	    return 0;
|   ;
|   return 0;
| }
configure:13663: result: yes
configure:13699: checking for uintptr_t
configure:13699: gcc -c -g -O2  conftest.c >&5
configure:13699: $? = 0
configure:13699: gcc -c -g -O2  conftest.c >&5
conftest.c:103:24: error: expected expression
if (sizeof ((uintptr_t)))
                       ^
1 error generated.
configure:13699: $? = 1
configure: failed program was:
| /* confdefs.h */
| #define PACKAGE_NAME "file"
| #define PACKAGE_TARNAME "file"
| #define PACKAGE_VERSION "5.32"
| #define PACKAGE_STRING "file 5.32"
| #define PACKAGE_BUGREPORT "christos@astron.com"
| #define PACKAGE_URL ""
| #define PACKAGE "file"
| #define VERSION "5.32"
| #define BUILTIN_ELF 1
| #define ELFCORE 1
| #define STDC_HEADERS 1
| #define HAVE_SYS_TYPES_H 1
| #define HAVE_SYS_STAT_H 1
| #define HAVE_STDLIB_H 1
| #define HAVE_STRING_H 1
| #define HAVE_MEMORY_H 1
| #define HAVE_STRINGS_H 1
| #define HAVE_INTTYPES_H 1
| #define HAVE_STDINT_H 1
| #define HAVE_UNISTD_H 1
| #define __EXTENSIONS__ 1
| #define _ALL_SOURCE 1
| #define _GNU_SOURCE 1
| #define _POSIX_PTHREAD_SEMANTICS 1
| #define _TANDEM_SOURCE 1
| #define HAVE_DLFCN_H 1
| #define LT_OBJDIR ".libs/"
| #define HAVE_VISIBILITY 1
| #define STDC_HEADERS 1
| #define HAVE_SYS_WAIT_H 1
| #define HAVE_STDINT_H 1
| #define HAVE_FCNTL_H 1
| #define HAVE_LOCALE_H 1
| #define HAVE_STDINT_H 1
| #define HAVE_INTTYPES_H 1
| #define HAVE_UNISTD_H 1
| #define HAVE_STDDEF_H 1
| #define HAVE_UTIME_H 1
| #define HAVE_WCHAR_H 1
| #define HAVE_WCTYPE_H 1
| #define HAVE_LIMITS_H 1
| #define HAVE_GETOPT_H 1
| #define HAVE_ERR_H 1
| #define HAVE_XLOCALE_H 1
| #define HAVE_SIGNAL_H 1
| #define HAVE_SYS_MMAN_H 1
| #define HAVE_SYS_STAT_H 1
| #define HAVE_SYS_TYPES_H 1
| #define HAVE_SYS_TIME_H 1
| #define HAVE_ZLIB_H 1
| #define HAVE_SIG_T 1
| #define HAVE_STRUCT_STAT_ST_RDEV 1
| #define HAVE_STRUCT_TM_TM_ZONE 1
| #define HAVE_TM_ZONE 1
| #define HAVE_TM_ZONE 1
| #define HAVE_DECL_TZNAME 1
| #define HAVE_TZNAME 1
| #define HAVE_TM_ISDST 1
| #define HAVE_DECL_DAYLIGHT 1
| #define HAVE_DAYLIGHT 1
| #define HAVE_FSEEKO 1
| #define HAVE_MBSTATE_T 1
| #define HAVE_STRUCT_OPTION 1
| #define HAVE_INTPTR_T 1
| /* end confdefs.h.  */
| #include <stdio.h>
| #ifdef HAVE_SYS_TYPES_H
| # include <sys/types.h>
| #endif
| #ifdef HAVE_SYS_STAT_H
| # include <sys/stat.h>
| #endif
| #ifdef STDC_HEADERS
| # include <stdlib.h>
| # include <stddef.h>
| #else
| # ifdef HAVE_STDLIB_H
| #  include <stdlib.h>
| # endif
| #endif
| #ifdef HAVE_STRING_H
| # if !defined STDC_HEADERS && defined HAVE_MEMORY_H
| #  include <memory.h>
| # endif
| # include <string.h>
| #endif
| #ifdef HAVE_STRINGS_H
| # include <strings.h>
| #endif
| #ifdef HAVE_INTTYPES_H
| # include <inttypes.h>
| #endif
| #ifdef HAVE_STDINT_H
| # include <stdint.h>
| #endif
| #ifdef HAVE_UNISTD_H
| # include <unistd.h>
| #endif
| int
| main ()
| {
| if (sizeof ((uintptr_t)))
| 	    return 0;
|   ;
|   return 0;
| }
configure:13699: result: yes
configure:13741: checking for stdlib.h
configure:13741: result: yes
configure:13741: checking for unistd.h
configure:13741: result: yes
configure:13741: checking for sys/param.h
configure:13741: gcc -c -g -O2  conftest.c >&5
configure:13741: $? = 0
configure:13741: result: yes
configure:13761: checking for getpagesize
configure:13761: gcc -o conftest -g -O2   conftest.c  >&5
configure:13761: $? = 0
configure:13761: result: yes
configure:13770: checking for working mmap
configure:13917: gcc -o conftest -g -O2   conftest.c  >&5
configure:13917: $? = 0
configure:13917: ./conftest
configure:13917: $? = 0
configure:13927: result: yes
configure:13938: checking vfork.h usability
configure:13938: gcc -c -g -O2  conftest.c >&5
conftest.c:106:10: fatal error: 'vfork.h' file not found
#include <vfork.h>
         ^~~~~~~~~
1 error generated.
configure:13938: $? = 1
configure: failed program was:
| /* confdefs.h */
| #define PACKAGE_NAME "file"
| #define PACKAGE_TARNAME "file"
| #define PACKAGE_VERSION "5.32"
| #define PACKAGE_STRING "file 5.32"
| #define PACKAGE_BUGREPORT "christos@astron.com"
| #define PACKAGE_URL ""
| #define PACKAGE "file"
| #define VERSION "5.32"
| #define BUILTIN_ELF 1
| #define ELFCORE 1
| #define STDC_HEADERS 1
| #define HAVE_SYS_TYPES_H 1
| #define HAVE_SYS_STAT_H 1
| #define HAVE_STDLIB_H 1
| #define HAVE_STRING_H 1
| #define HAVE_MEMORY_H 1
| #define HAVE_STRINGS_H 1
| #define HAVE_INTTYPES_H 1
| #define HAVE_STDINT_H 1
| #define HAVE_UNISTD_H 1
| #define __EXTENSIONS__ 1
| #define _ALL_SOURCE 1
| #define _GNU_SOURCE 1
| #define _POSIX_PTHREAD_SEMANTICS 1
| #define _TANDEM_SOURCE 1
| #define HAVE_DLFCN_H 1
| #define LT_OBJDIR ".libs/"
| #define HAVE_VISIBILITY 1
| #define STDC_HEADERS 1
| #define HAVE_SYS_WAIT_H 1
| #define HAVE_STDINT_H 1
| #define HAVE_FCNTL_H 1
| #define HAVE_LOCALE_H 1
| #define HAVE_STDINT_H 1
| #define HAVE_INTTYPES_H 1
| #define HAVE_UNISTD_H 1
| #define HAVE_STDDEF_H 1
| #define HAVE_UTIME_H 1
| #define HAVE_WCHAR_H 1
| #define HAVE_WCTYPE_H 1
| #define HAVE_LIMITS_H 1
| #define HAVE_GETOPT_H 1
| #define HAVE_ERR_H 1
| #define HAVE_XLOCALE_H 1
| #define HAVE_SIGNAL_H 1
| #define HAVE_SYS_MMAN_H 1
| #define HAVE_SYS_STAT_H 1
| #define HAVE_SYS_TYPES_H 1
| #define HAVE_SYS_TIME_H 1
| #define HAVE_ZLIB_H 1
| #define HAVE_SIG_T 1
| #define HAVE_STRUCT_STAT_ST_RDEV 1
| #define HAVE_STRUCT_TM_TM_ZONE 1
| #define HAVE_TM_ZONE 1
| #define HAVE_TM_ZONE 1
| #define HAVE_DECL_TZNAME 1
| #define HAVE_TZNAME 1
| #define HAVE_TM_ISDST 1
| #define HAVE_DECL_DAYLIGHT 1
| #define HAVE_DAYLIGHT 1
| #define HAVE_FSEEKO 1
| #define HAVE_MBSTATE_T 1
| #define HAVE_STRUCT_OPTION 1
| #define HAVE_INTPTR_T 1
| #define HAVE_UINTPTR_T 1
| #define HAVE_STDLIB_H 1
| #define HAVE_UNISTD_H 1
| #define HAVE_SYS_PARAM_H 1
| #define HAVE_GETPAGESIZE 1
| #define HAVE_MMAP 1
| /* end confdefs.h.  */
| #include <stdio.h>
| #ifdef HAVE_SYS_TYPES_H
| # include <sys/types.h>
| #endif
| #ifdef HAVE_SYS_STAT_H
| # include <sys/stat.h>
| #endif
| #ifdef STDC_HEADERS
| # include <stdlib.h>
| # include <stddef.h>
| #else
| # ifdef HAVE_STDLIB_H
| #  include <stdlib.h>
| # endif
| #endif
| #ifdef HAVE_STRING_H
| # if !defined STDC_HEADERS && defined HAVE_MEMORY_H
| #  include <memory.h>
| # endif
| # include <string.h>
| #endif
| #ifdef HAVE_STRINGS_H
| # include <strings.h>
| #endif
| #ifdef HAVE_INTTYPES_H
| # include <inttypes.h>
| #endif
| #ifdef HAVE_STDINT_H
| # include <stdint.h>
| #endif
| #ifdef HAVE_UNISTD_H
| # include <unistd.h>
| #endif
| #include <vfork.h>
configure:13938: result: no
configure:13938: checking vfork.h presence
configure:13938: gcc -E  conftest.c
conftest.c:73:10: fatal error: 'vfork.h' file not found
#include <vfork.h>
         ^~~~~~~~~
1 error generated.
configure:13938: $? = 1
configure: failed program was:
| /* confdefs.h */
| #define PACKAGE_NAME "file"
| #define PACKAGE_TARNAME "file"
| #define PACKAGE_VERSION "5.32"
| #define PACKAGE_STRING "file 5.32"
| #define PACKAGE_BUGREPORT "christos@astron.com"
| #define PACKAGE_URL ""
| #define PACKAGE "file"
| #define VERSION "5.32"
| #define BUILTIN_ELF 1
| #define ELFCORE 1
| #define STDC_HEADERS 1
| #define HAVE_SYS_TYPES_H 1
| #define HAVE_SYS_STAT_H 1
| #define HAVE_STDLIB_H 1
| #define HAVE_STRING_H 1
| #define HAVE_MEMORY_H 1
| #define HAVE_STRINGS_H 1
| #define HAVE_INTTYPES_H 1
| #define HAVE_STDINT_H 1
| #define HAVE_UNISTD_H 1
| #define __EXTENSIONS__ 1
| #define _ALL_SOURCE 1
| #define _GNU_SOURCE 1
| #define _POSIX_PTHREAD_SEMANTICS 1
| #define _TANDEM_SOURCE 1
| #define HAVE_DLFCN_H 1
| #define LT_OBJDIR ".libs/"
| #define HAVE_VISIBILITY 1
| #define STDC_HEADERS 1
| #define HAVE_SYS_WAIT_H 1
| #define HAVE_STDINT_H 1
| #define HAVE_FCNTL_H 1
| #define HAVE_LOCALE_H 1
| #define HAVE_STDINT_H 1
| #define HAVE_INTTYPES_H 1
| #define HAVE_UNISTD_H 1
| #define HAVE_STDDEF_H 1
| #define HAVE_UTIME_H 1
| #define HAVE_WCHAR_H 1
| #define HAVE_WCTYPE_H 1
| #define HAVE_LIMITS_H 1
| #define HAVE_GETOPT_H 1
| #define HAVE_ERR_H 1
| #define HAVE_XLOCALE_H 1
| #define HAVE_SIGNAL_H 1
| #define HAVE_SYS_MMAN_H 1
| #define HAVE_SYS_STAT_H 1
| #define HAVE_SYS_TYPES_H 1
| #define HAVE_SYS_TIME_H 1
| #define HAVE_ZLIB_H 1
| #define HAVE_SIG_T 1
| #define HAVE_STRUCT_STAT_ST_RDEV 1
| #define HAVE_STRUCT_TM_TM_ZONE 1
| #define HAVE_TM_ZONE 1
| #define HAVE_TM_ZONE 1
| #define HAVE_DECL_TZNAME 1
| #define HAVE_TZNAME 1
| #define HAVE_TM_ISDST 1
| #define HAVE_DECL_DAYLIGHT 1
| #define HAVE_DAYLIGHT 1
| #define HAVE_FSEEKO 1
| #define HAVE_MBSTATE_T 1
| #define HAVE_STRUCT_OPTION 1
| #define HAVE_INTPTR_T 1
| #define HAVE_UINTPTR_T 1
| #define HAVE_STDLIB_H 1
| #define HAVE_UNISTD_H 1
| #define HAVE_SYS_PARAM_H 1
| #define HAVE_GETPAGESIZE 1
| #define HAVE_MMAP 1
| /* end confdefs.h.  */
| #include <vfork.h>
configure:13938: result: no
configure:13938: checking for vfork.h
configure:13938: result: no
configure:13951: checking for fork
configure:13951: gcc -o conftest -g -O2   conftest.c  >&5
configure:13951: $? = 0
configure:13951: result: yes
configure:13951: checking for vfork
configure:13951: gcc -o conftest -g -O2   conftest.c  >&5
conftest.c:97:6: warning: incompatible redeclaration of library function 'vfork' [-Wincompatible-library-redeclaration]
char vfork ();
     ^
conftest.c:97:6: note: 'vfork' is a builtin with type 'int (void)'
1 warning generated.
configure:13951: $? = 0
configure:13951: result: yes
configure:13961: checking for working fork
configure:13983: gcc -o conftest -g -O2   conftest.c  >&5
configure:13983: $? = 0
configure:13983: ./conftest
configure:13983: $? = 0
configure:13993: result: yes
configure:14014: checking for working vfork
configure:14124: result: yes
configure:14150: checking whether mbrtowc and mbstate_t are properly declared
configure:14170: gcc -o conftest -g -O2   conftest.c  >&5
configure:14170: $? = 0
configure:14178: result: yes
configure:14187: checking for gcc compiler warnings
configure:14206: result: yes
configure:14223: checking for strerror
configure:14223: gcc -o conftest -g -O2   conftest.c  >&5
conftest.c:101:6: warning: incompatible redeclaration of library function 'strerror' [-Wincompatible-library-redeclaration]
char strerror ();
     ^
conftest.c:101:6: note: 'strerror' is a builtin with type 'char *(int)'
1 warning generated.
configure:14223: $? = 0
configure:14223: result: yes
configure:14223: checking for strndup
configure:14223: gcc -o conftest -g -O2   conftest.c  >&5
conftest.c:102:6: warning: incompatible redeclaration of library function 'strndup' [-Wincompatible-library-redeclaration]
char strndup ();
     ^
conftest.c:102:6: note: 'strndup' is a builtin with type 'char *(const char *, unsigned long)'
1 warning generated.
configure:14223: $? = 0
configure:14223: result: yes
configure:14223: checking for strtoul
configure:14223: gcc -o conftest -g -O2   conftest.c  >&5
configure:14223: $? = 0
configure:14223: result: yes
configure:14223: checking for mkstemp
configure:14223: gcc -o conftest -g -O2   conftest.c  >&5
configure:14223: $? = 0
configure:14223: result: yes
configure:14223: checking for mkostemp
configure:14223: gcc -o conftest -g -O2   conftest.c  >&5
configure:14223: $? = 0
configure:14223: result: yes
configure:14223: checking for utimes
configure:14223: gcc -o conftest -g -O2   conftest.c  >&5
configure:14223: $? = 0
configure:14223: result: yes
configure:14223: checking for utime
configure:14223: gcc -o conftest -g -O2   conftest.c  >&5
configure:14223: $? = 0
configure:14223: result: yes
configure:14223: checking for wcwidth
configure:14223: gcc -o conftest -g -O2   conftest.c  >&5
configure:14223: $? = 0
configure:14223: result: yes
configure:14223: checking for strtof
configure:14223: gcc -o conftest -g -O2   conftest.c  >&5
configure:14223: $? = 0
configure:14223: result: yes
configure:14223: checking for newlocale
configure:14223: gcc -o conftest -g -O2   conftest.c  >&5
configure:14223: $? = 0
configure:14223: result: yes
configure:14223: checking for uselocale
configure:14223: gcc -o conftest -g -O2   conftest.c  >&5
configure:14223: $? = 0
configure:14223: result: yes
configure:14223: checking for freelocale
configure:14223: gcc -o conftest -g -O2   conftest.c  >&5
configure:14223: $? = 0
configure:14223: result: yes
configure:14223: checking for setlocale
configure:14223: gcc -o conftest -g -O2   conftest.c  >&5
configure:14223: $? = 0
configure:14223: result: yes
configure:14233: checking for getopt_long
configure:14233: gcc -o conftest -g -O2   conftest.c  >&5
configure:14233: $? = 0
configure:14233: result: yes
configure:14246: checking for asprintf
configure:14246: gcc -o conftest -g -O2   conftest.c  >&5
conftest.c:126:18: warning: format string missing [-Wformat]
return asprintf ();
       ~~~~~~~~  ^
1 warning generated.
configure:14246: $? = 0
configure:14246: result: yes
configure:14259: checking for vasprintf
configure:14259: gcc -o conftest -g -O2   conftest.c  >&5
conftest.c:127:19: warning: format string missing [-Wformat]
return vasprintf ();
       ~~~~~~~~~  ^
1 warning generated.
configure:14259: $? = 0
configure:14259: result: yes
configure:14272: checking for strlcpy
configure:14272: gcc -o conftest -g -O2   conftest.c  >&5
conftest.c:117:6: warning: incompatible redeclaration of library function 'strlcpy' [-Wincompatible-library-redeclaration]
char strlcpy ();
     ^
conftest.c:117:6: note: 'strlcpy' is a builtin with type 'unsigned long (char *, const char *, unsigned long)'
1 warning generated.
configure:14272: $? = 0
configure:14272: result: yes
configure:14285: checking for strlcat
configure:14285: gcc -o conftest -g -O2   conftest.c  >&5
conftest.c:118:6: warning: incompatible redeclaration of library function 'strlcat' [-Wincompatible-library-redeclaration]
char strlcat ();
     ^
conftest.c:118:6: note: 'strlcat' is a builtin with type 'unsigned long (char *, const char *, unsigned long)'
1 warning generated.
configure:14285: $? = 0
configure:14285: result: yes
configure:14298: checking for getline
configure:14298: gcc -o conftest -g -O2   conftest.c  >&5
configure:14298: $? = 0
configure:14298: result: yes
configure:14311: checking for ctime_r
configure:14311: gcc -o conftest -g -O2   conftest.c  >&5
configure:14311: $? = 0
configure:14311: result: yes
configure:14324: checking for asctime_r
configure:14324: gcc -o conftest -g -O2   conftest.c  >&5
configure:14324: $? = 0
configure:14324: result: yes
configure:14337: checking for localtime_r
configure:14337: gcc -o conftest -g -O2   conftest.c  >&5
configure:14337: $? = 0
configure:14337: result: yes
configure:14350: checking for gmtime_r
configure:14350: gcc -o conftest -g -O2   conftest.c  >&5
configure:14350: $? = 0
configure:14350: result: yes
configure:14363: checking for pread
configure:14363: gcc -o conftest -g -O2   conftest.c  >&5
configure:14363: $? = 0
configure:14363: result: yes
configure:14376: checking for strcasestr
configure:14376: gcc -o conftest -g -O2   conftest.c  >&5
configure:14376: $? = 0
configure:14376: result: yes
configure:14389: checking for fmtcheck
configure:14389: gcc -o conftest -g -O2   conftest.c  >&5
configure:14389: $? = 0
configure:14389: result: yes
configure:14402: checking for dprintf
configure:14402: gcc -o conftest -g -O2   conftest.c  >&5
configure:14402: $? = 0
configure:14402: result: yes
configure:14418: checking for gzopen in -lz
configure:14443: gcc -o conftest -g -O2   conftest.c -lz   >&5
configure:14443: $? = 0
configure:14452: result: yes
configure:14644: checking that generated files are newer than configure
configure:14650: result: done
configure:14686: creating ./config.status

## ---------------------- ##
## Running config.status. ##
## ---------------------- ##

This file was extended by file config.status 5.32, which was
generated by GNU Autoconf 2.69.  Invocation command line was

  CONFIG_FILES    = 
  CONFIG_HEADERS  = 
  CONFIG_LINKS    = 
  CONFIG_COMMANDS = 
  $ ./config.status 

on Williams-MBP.home

config.status:1179: creating Makefile
config.status:1179: creating src/Makefile
config.status:1179: creating magic/Makefile
config.status:1179: creating tests/Makefile
config.status:1179: creating doc/Makefile
config.status:1179: creating python/Makefile
config.status:1179: creating config.h
config.status:1408: executing depfiles commands
config.status:1408: executing libtool commands

## ---------------- ##
## Cache variables. ##
## ---------------- ##

ac_cv_build=x86_64-apple-darwin16.7.0
ac_cv_c_bigendian=no
ac_cv_c_compiler_gnu=yes
ac_cv_c_const=yes
ac_cv_c_int32_t=yes
ac_cv_c_int64_t=yes
ac_cv_c_uint16_t=yes
ac_cv_c_uint32_t=yes
ac_cv_c_uint64_t=yes
ac_cv_c_uint8_t=yes
ac_cv_env_CC_set=
ac_cv_env_CC_value=
ac_cv_env_CFLAGS_set=
ac_cv_env_CFLAGS_value=
ac_cv_env_CPPFLAGS_set=
ac_cv_env_CPPFLAGS_value=
ac_cv_env_CPP_set=
ac_cv_env_CPP_value=
ac_cv_env_LDFLAGS_set=
ac_cv_env_LDFLAGS_value=
ac_cv_env_LIBS_set=
ac_cv_env_LIBS_value=
ac_cv_env_build_alias_set=
ac_cv_env_build_alias_value=
ac_cv_env_host_alias_set=
ac_cv_env_host_alias_value=
ac_cv_env_target_alias_set=
ac_cv_env_target_alias_value=
ac_cv_func_asctime_r=yes
ac_cv_func_asprintf=yes
ac_cv_func_ctime_r=yes
ac_cv_func_dprintf=yes
ac_cv_func_fmtcheck=yes
ac_cv_func_fork=yes
ac_cv_func_fork_works=yes
ac_cv_func_freelocale=yes
ac_cv_func_getline=yes
ac_cv_func_getopt_long=yes
ac_cv_func_getpagesize=yes
ac_cv_func_gmtime_r=yes
ac_cv_func_localtime_r=yes
ac_cv_func_mbrtowc=yes
ac_cv_func_mkostemp=yes
ac_cv_func_mkstemp=yes
ac_cv_func_mmap_fixed_mapped=yes
ac_cv_func_newlocale=yes
ac_cv_func_pread=yes
ac_cv_func_setlocale=yes
ac_cv_func_strcasestr=yes
ac_cv_func_strerror=yes
ac_cv_func_strlcat=yes
ac_cv_func_strlcpy=yes
ac_cv_func_strndup=yes
ac_cv_func_strtof=yes
ac_cv_func_strtoul=yes
ac_cv_func_uselocale=yes
ac_cv_func_utime=yes
ac_cv_func_utimes=yes
ac_cv_func_vasprintf=yes
ac_cv_func_vfork=yes
ac_cv_func_vfork_works=yes
ac_cv_func_wcwidth=yes
ac_cv_have_decl_daylight=yes
ac_cv_have_decl_tzname=yes
ac_cv_header_dlfcn_h=yes
ac_cv_header_err_h=yes
ac_cv_header_fcntl_h=yes
ac_cv_header_getopt_h=yes
ac_cv_header_inttypes_h=yes
ac_cv_header_limits_h=yes
ac_cv_header_locale_h=yes
ac_cv_header_memory_h=yes
ac_cv_header_minix_config_h=no
ac_cv_header_signal_h=yes
ac_cv_header_stdc=yes
ac_cv_header_stddef_h=yes
ac_cv_header_stdint_h=yes
ac_cv_header_stdlib_h=yes
ac_cv_header_string_h=yes
ac_cv_header_strings_h=yes
ac_cv_header_sys_mman_h=yes
ac_cv_header_sys_param_h=yes
ac_cv_header_sys_stat_h=yes
ac_cv_header_sys_time_h=yes
ac_cv_header_sys_types_h=yes
ac_cv_header_sys_types_h_makedev=yes
ac_cv_header_sys_utime_h=no
ac_cv_header_sys_wait_h=yes
ac_cv_header_unistd_h=yes
ac_cv_header_utime_h=yes
ac_cv_header_vfork_h=no
ac_cv_header_wchar_h=yes
ac_cv_header_wctype_h=yes
ac_cv_header_xlocale_h=yes
ac_cv_header_zlib_h=yes
ac_cv_host=x86_64-apple-darwin16.7.0
ac_cv_lib_z_gzopen=yes
ac_cv_member_struct_stat_st_rdev=yes
ac_cv_member_struct_tm_tm_gmtoff=no
ac_cv_member_struct_tm_tm_zone=yes
ac_cv_objext=o
ac_cv_path_EGREP='/usr/bin/grep -E'
ac_cv_path_FGREP='/usr/bin/grep -F'
ac_cv_path_GREP=/usr/bin/grep
ac_cv_path_SED=/usr/bin/sed
ac_cv_path_install='/usr/bin/install -c'
ac_cv_prog_AWK=awk
ac_cv_prog_CPP='gcc -E'
ac_cv_prog_ac_ct_AR=ar
ac_cv_prog_ac_ct_CC=gcc
ac_cv_prog_ac_ct_DSYMUTIL=dsymutil
ac_cv_prog_ac_ct_LIPO=lipo
ac_cv_prog_ac_ct_NMEDIT=nmedit
ac_cv_prog_ac_ct_OBJDUMP=objdump
ac_cv_prog_ac_ct_OTOOL=otool
ac_cv_prog_ac_ct_RANLIB=ranlib
ac_cv_prog_ac_ct_STRIP=strip
ac_cv_prog_cc_c89=
ac_cv_prog_cc_c99=
ac_cv_prog_cc_g=yes
ac_cv_prog_cc_stdc=
ac_cv_prog_make_make_set=yes
ac_cv_safe_to_define___extensions__=yes
ac_cv_struct_option_getopt_h=yes
ac_cv_struct_tm=time.h
ac_cv_struct_tm_isdst=yes
ac_cv_struct_tm_zone=yes
ac_cv_sys_file_offset_bits=no
ac_cv_sys_largefile_CC=no
ac_cv_sys_largefile_source=no
ac_cv_type_intptr_t=yes
ac_cv_type_mbstate_t=yes
ac_cv_type_off_t=yes
ac_cv_type_pid_t=yes
ac_cv_type_sig_t=yes
ac_cv_type_size_t=yes
ac_cv_type_uintptr_t=yes
ac_cv_var_daylight=yes
ac_cv_var_tzname=yes
am_cv_CC_dependencies_compiler_type=gcc3
am_cv_make_support_nested_variables=yes
am_cv_prog_cc_c_o=yes
gl_cv_cc_vis_werror=yes
gl_cv_cc_visibility=yes
lt_cv_apple_cc_single_mod=yes
lt_cv_ar_at_file=no
lt_cv_deplibs_check_method=pass_all
lt_cv_file_magic_cmd='$MAGIC_CMD'
lt_cv_file_magic_test_file=
lt_cv_ld_exported_symbols_list=yes
lt_cv_ld_force_load=yes
lt_cv_ld_reload_flag=-r
lt_cv_nm_interface='BSD nm'
lt_cv_objdir=.libs
lt_cv_path_LD=/Applications/Xcode.app/Contents/Developer/Toolchains/XcodeDefault.xctoolchain/usr/bin/ld
lt_cv_path_NM='/usr/bin/nm -B'
lt_cv_path_mainfest_tool=no
lt_cv_prog_compiler_c_o=yes
lt_cv_prog_compiler_pic='-fno-common -DPIC'
lt_cv_prog_compiler_pic_works=yes
lt_cv_prog_compiler_rtti_exceptions=yes
lt_cv_prog_compiler_static_works=no
lt_cv_prog_gnu_ld=no
lt_cv_sharedlib_from_linklib_cmd='printf %s\n'
lt_cv_sys_global_symbol_pipe='sed -n -e '\''s/^.*[	 ]\([BCDEGRST][BCDEGRST]*\)[	 ][	 ]*_\([_A-Za-z][_A-Za-z0-9]*\)$/\1 _\2 \2/p'\'' | sed '\''/ __gnu_lto/d'\'''
lt_cv_sys_global_symbol_to_c_name_address='sed -n -e '\''s/^: \([^ ]*\)[ ]*$/  {\"\1\", (void *) 0},/p'\'' -e '\''s/^[BCDEGRST]* \([^ ]*\) \([^ ]*\)$/  {"\2", (void *) \&\2},/p'\'''
lt_cv_sys_global_symbol_to_c_name_address_lib_prefix='sed -n -e '\''s/^: \([^ ]*\)[ ]*$/  {\"\1\", (void *) 0},/p'\'' -e '\''s/^[BCDEGRST]* \([^ ]*\) \(lib[^ ]*\)$/  {"\2", (void *) \&\2},/p'\'' -e '\''s/^[BCDEGRST]* \([^ ]*\) \([^ ]*\)$/  {"lib\2", (void *) \&\2},/p'\'''
lt_cv_sys_global_symbol_to_cdecl='sed -n -e '\''s/^T .* \(.*\)$/extern int \1();/p'\'' -e '\''s/^[BCDEGRST]* .* \(.*\)$/extern char \1;/p'\'''
lt_cv_sys_max_cmd_len=196608
lt_cv_to_host_file_cmd=func_convert_file_noop
lt_cv_to_tool_file_cmd=func_convert_file_noop

## ----------------- ##
## Output variables. ##
## ----------------- ##

ACLOCAL='${SHELL} /Users/wtowe/Downloads/file-5.32/missing aclocal-1.15'
AMDEPBACKSLASH='\'
AMDEP_FALSE='#'
AMDEP_TRUE=''
AMTAR='$${TAR-tar}'
AM_BACKSLASH='\'
AM_DEFAULT_V='$(AM_DEFAULT_VERBOSITY)'
AM_DEFAULT_VERBOSITY='0'
AM_V='$(V)'
AR='ar'
AUTOCONF='${SHELL} /Users/wtowe/Downloads/file-5.32/missing autoconf'
AUTOHEADER='${SHELL} /Users/wtowe/Downloads/file-5.32/missing autoheader'
AUTOMAKE='${SHELL} /Users/wtowe/Downloads/file-5.32/missing automake-1.15'
AWK='awk'
CC='gcc'
CCDEPMODE='depmode=gcc3'
CFLAGS='-g -O2'
CFLAG_VISIBILITY='-fvisibility=hidden'
CPP='gcc -E'
CPPFLAGS=''
CYGPATH_W='echo'
DEFS='-DHAVE_CONFIG_H'
DEPDIR='.deps'
DLLTOOL='false'
DSYMUTIL='dsymutil'
DUMPBIN=''
ECHO_C='\c'
ECHO_N=''
ECHO_T=''
EGREP='/usr/bin/grep -E'
EXEEXT=''
FGREP='/usr/bin/grep -F'
FSECT5_FALSE=''
FSECT5_TRUE='#'
GREP='/usr/bin/grep'
HAVE_VISIBILITY='1'
INSTALL_DATA='${INSTALL} -m 644'
INSTALL_PROGRAM='${INSTALL}'
INSTALL_SCRIPT='${INSTALL}'
INSTALL_STRIP_PROGRAM='$(install_sh) -c -s'
IS_CROSS_COMPILE_FALSE=''
IS_CROSS_COMPILE_TRUE='#'
LD='/Applications/Xcode.app/Contents/Developer/Toolchains/XcodeDefault.xctoolchain/usr/bin/ld'
LDFLAGS=''
LIBOBJS=''
LIBS='-lz '
LIBTOOL='$(SHELL) $(top_builddir)/libtool'
LIPO='lipo'
LN_S='ln -s'
LTLIBOBJS=''
MAKEINFO='${SHELL} /Users/wtowe/Downloads/file-5.32/missing makeinfo'
MANIFEST_TOOL=':'
MINGW='0'
MINGW_FALSE=''
MINGW_TRUE='#'
MKDIR_P='./install-sh -c -d'
NM='/usr/bin/nm -B'
NMEDIT='nmedit'
OBJDUMP='objdump'
OBJEXT='o'
OTOOL64=':'
OTOOL='otool'
PACKAGE='file'
PACKAGE_BUGREPORT='christos@astron.com'
PACKAGE_NAME='file'
PACKAGE_STRING='file 5.32'
PACKAGE_TARNAME='file'
PACKAGE_URL=''
PACKAGE_VERSION='5.32'
PATH_SEPARATOR=':'
RANLIB='ranlib'
SED='/usr/bin/sed'
SET_MAKE=''
SHELL='/bin/sh'
STRIP='strip'
VERSION='5.32'
WARNINGS='-Wall -Wstrict-prototypes -Wmissing-prototypes -Wpointer-arith        -Wmissing-declarations -Wredundant-decls -Wnested-externs        -Wsign-compare -Wreturn-type -Wswitch -Wshadow        -Wcast-qual -Wwrite-strings -Wextra -Wunused-parameter -Wformat=2'
ac_ct_AR='ar'
ac_ct_CC='gcc'
ac_ct_DUMPBIN=''
am__EXEEXT_FALSE=''
am__EXEEXT_TRUE='#'
am__fastdepCC_FALSE='#'
am__fastdepCC_TRUE=''
am__include='include'
am__isrc=''
am__leading_dot='.'
am__nodep='_no'
am__quote=''
am__tar='$${TAR-tar} chof - "$$tardir"'
am__untar='$${TAR-tar} xf -'
bindir='${exec_prefix}/bin'
build='x86_64-apple-darwin16.7.0'
build_alias=''
build_cpu='x86_64'
build_os='darwin16.7.0'
build_vendor='apple'
datadir='${datarootdir}'
datarootdir='${prefix}/share'
docdir='${datarootdir}/doc/${PACKAGE_TARNAME}'
dvidir='${docdir}'
exec_prefix='${prefix}'
fsect='4'
host='x86_64-apple-darwin16.7.0'
host_alias=''
host_cpu='x86_64'
host_os='darwin16.7.0'
host_vendor='apple'
htmldir='${docdir}'
includedir='${prefix}/include'
infodir='${datarootdir}/info'
install_sh='${SHELL} /Users/wtowe/Downloads/file-5.32/install-sh'
libdir='${exec_prefix}/lib'
libexecdir='${exec_prefix}/libexec'
localedir='${datarootdir}/locale'
localstatedir='${prefix}/var'
mandir='${datarootdir}/man'
mkdir_p='$(MKDIR_P)'
oldincludedir='/usr/include'
pdfdir='${docdir}'
pkgdatadir='$(datadir)/misc'
prefix='/usr/local'
program_transform_name='s,x,x,'
psdir='${docdir}'
sbindir='${exec_prefix}/sbin'
sharedstatedir='${prefix}/com'
sysconfdir='${prefix}/etc'
target_alias=''

## ----------- ##
## confdefs.h. ##
## ----------- ##

/* confdefs.h */
#define PACKAGE_NAME "file"
#define PACKAGE_TARNAME "file"
#define PACKAGE_VERSION "5.32"
#define PACKAGE_STRING "file 5.32"
#define PACKAGE_BUGREPORT "christos@astron.com"
#define PACKAGE_URL ""
#define PACKAGE "file"
#define VERSION "5.32"
#define BUILTIN_ELF 1
#define ELFCORE 1
#define STDC_HEADERS 1
#define HAVE_SYS_TYPES_H 1
#define HAVE_SYS_STAT_H 1
#define HAVE_STDLIB_H 1
#define HAVE_STRING_H 1
#define HAVE_MEMORY_H 1
#define HAVE_STRINGS_H 1
#define HAVE_INTTYPES_H 1
#define HAVE_STDINT_H 1
#define HAVE_UNISTD_H 1
#define __EXTENSIONS__ 1
#define _ALL_SOURCE 1
#define _GNU_SOURCE 1
#define _POSIX_PTHREAD_SEMANTICS 1
#define _TANDEM_SOURCE 1
#define HAVE_DLFCN_H 1
#define LT_OBJDIR ".libs/"
#define HAVE_VISIBILITY 1
#define STDC_HEADERS 1
#define HAVE_SYS_WAIT_H 1
#define HAVE_STDINT_H 1
#define HAVE_FCNTL_H 1
#define HAVE_LOCALE_H 1
#define HAVE_STDINT_H 1
#define HAVE_INTTYPES_H 1
#define HAVE_UNISTD_H 1
#define HAVE_STDDEF_H 1
#define HAVE_UTIME_H 1
#define HAVE_WCHAR_H 1
#define HAVE_WCTYPE_H 1
#define HAVE_LIMITS_H 1
#define HAVE_GETOPT_H 1
#define HAVE_ERR_H 1
#define HAVE_XLOCALE_H 1
#define HAVE_SIGNAL_H 1
#define HAVE_SYS_MMAN_H 1
#define HAVE_SYS_STAT_H 1
#define HAVE_SYS_TYPES_H 1
#define HAVE_SYS_TIME_H 1
#define HAVE_ZLIB_H 1
#define HAVE_SIG_T 1
#define HAVE_STRUCT_STAT_ST_RDEV 1
#define HAVE_STRUCT_TM_TM_ZONE 1
#define HAVE_TM_ZONE 1
#define HAVE_TM_ZONE 1
#define HAVE_DECL_TZNAME 1
#define HAVE_TZNAME 1
#define HAVE_TM_ISDST 1
#define HAVE_DECL_DAYLIGHT 1
#define HAVE_DAYLIGHT 1
#define HAVE_FSEEKO 1
#define HAVE_MBSTATE_T 1
#define HAVE_STRUCT_OPTION 1
#define HAVE_INTPTR_T 1
#define HAVE_UINTPTR_T 1
#define HAVE_STDLIB_H 1
#define HAVE_UNISTD_H 1
#define HAVE_SYS_PARAM_H 1
#define HAVE_GETPAGESIZE 1
#define HAVE_MMAP 1
#define HAVE_FORK 1
#define HAVE_VFORK 1
#define HAVE_WORKING_VFORK 1
#define HAVE_WORKING_FORK 1
#define HAVE_MBRTOWC 1
#define HAVE_STRERROR 1
#define HAVE_STRNDUP 1
#define HAVE_STRTOUL 1
#define HAVE_MKSTEMP 1
#define HAVE_MKOSTEMP 1
#define HAVE_UTIMES 1
#define HAVE_UTIME 1
#define HAVE_WCWIDTH 1
#define HAVE_STRTOF 1
#define HAVE_NEWLOCALE 1
#define HAVE_USELOCALE 1
#define HAVE_FREELOCALE 1
#define HAVE_SETLOCALE 1
#define HAVE_GETOPT_LONG 1
#define HAVE_ASPRINTF 1
#define HAVE_VASPRINTF 1
#define HAVE_STRLCPY 1
#define HAVE_STRLCAT 1
#define HAVE_GETLINE 1
#define HAVE_CTIME_R 1
#define HAVE_ASCTIME_R 1
#define HAVE_LOCALTIME_R 1
#define HAVE_GMTIME_R 1
#define HAVE_PREAD 1
#define HAVE_STRCASESTR 1
#define HAVE_FMTCHECK 1
#define HAVE_DPRINTF 1
#define HAVE_LIBZ 1
#define ZLIBSUPPORT 1

configure: exit 0
